14:07:12.708 [DEBUG] [org.gradle.launcher.daemon.bootstrap.DaemonMain] Assuming the daemon was started with following jvm opts: [-Xmx3G, -Dfile.encoding=UTF-8, -Duser.country=RU, -Duser.language=ru, -Duser.variant]
14:07:12.816 [DEBUG] [org.gradle.internal.nativeintegration.services.NativeServices] Native-platform posix files integration is not available. Continuing with fallback.
14:07:12.932 [INFO] [org.gradle.launcher.daemon.server.Daemon] start() called on daemon - DefaultDaemonContext[uid=13aada83-5a3e-43b1-aa75-9b0dbaed0a76,javaHome=C:\Program Files\Java\jdk1.8.0_181,daemonRegistryDir=C:\Users\MagicBook\Desktop\norules legit recode\daemon,pid=31572,idleTimeout=10800000,daemonOpts=-Xmx3G,-Dfile.encoding=UTF-8,-Duser.country=RU,-Duser.language=ru,-Duser.variant]
14:07:14.141 [DEBUG] [org.gradle.internal.remote.internal.inet.InetAddresses] Adding IP addresses for network interface Software Loopback Interface 1
14:07:14.145 [DEBUG] [org.gradle.internal.remote.internal.inet.InetAddresses] Is this a loopback interface? true
14:07:14.149 [DEBUG] [org.gradle.internal.remote.internal.inet.InetAddresses] Is this a multicast interface? true
14:07:14.150 [DEBUG] [org.gradle.internal.remote.internal.inet.InetAddresses] Adding loopback address /127.0.0.1
14:07:14.155 [DEBUG] [org.gradle.internal.remote.internal.inet.InetAddresses] Adding loopback address /0:0:0:0:0:0:0:1
14:07:14.155 [DEBUG] [org.gradle.internal.remote.internal.inet.InetAddresses] Adding loopback multicast interface Software Loopback Interface 1
14:07:14.155 [DEBUG] [org.gradle.internal.remote.internal.inet.InetAddresses] Adding IP addresses for network interface WAN Miniport (Network Monitor)
14:07:14.162 [DEBUG] [org.gradle.internal.remote.internal.inet.InetAddresses] Is this a loopback interface? false
14:07:14.168 [DEBUG] [org.gradle.internal.remote.internal.inet.InetAddresses] Is this a multicast interface? true
14:07:14.168 [DEBUG] [org.gradle.internal.remote.internal.inet.InetAddresses] Adding loopback multicast interface WAN Miniport (Network Monitor)
14:07:14.169 [DEBUG] [org.gradle.internal.remote.internal.inet.InetAddresses] Adding IP addresses for network interface Microsoft 6to4 Adapter
14:07:14.175 [DEBUG] [org.gradle.internal.remote.internal.inet.InetAddresses] Is this a loopback interface? false
14:07:14.181 [DEBUG] [org.gradle.internal.remote.internal.inet.InetAddresses] Is this a multicast interface? true
14:07:14.181 [DEBUG] [org.gradle.internal.remote.internal.inet.InetAddresses] Adding loopback multicast interface Microsoft 6to4 Adapter
14:07:14.181 [DEBUG] [org.gradle.internal.remote.internal.inet.InetAddresses] Adding IP addresses for network interface WAN Miniport (IKEv2)
14:07:14.185 [DEBUG] [org.gradle.internal.remote.internal.inet.InetAddresses] Is this a loopback interface? false
14:07:14.190 [DEBUG] [org.gradle.internal.remote.internal.inet.InetAddresses] Is this a multicast interface? true
14:07:14.190 [DEBUG] [org.gradle.internal.remote.internal.inet.InetAddresses] Adding loopback multicast interface WAN Miniport (IKEv2)
14:07:14.190 [DEBUG] [org.gradle.internal.remote.internal.inet.InetAddresses] Adding IP addresses for network interface Microsoft Wi-Fi Direct Virtual Adapter
14:07:14.194 [DEBUG] [org.gradle.internal.remote.internal.inet.InetAddresses] Is this a loopback interface? false
14:07:14.198 [DEBUG] [org.gradle.internal.remote.internal.inet.InetAddresses] Is this a multicast interface? true
14:07:14.198 [DEBUG] [org.gradle.internal.remote.internal.inet.InetAddresses] Adding loopback multicast interface Microsoft Wi-Fi Direct Virtual Adapter
14:07:14.198 [DEBUG] [org.gradle.internal.remote.internal.inet.InetAddresses] Adding IP addresses for network interface Famatech RadminVPN Ethernet Adapter
14:07:14.202 [DEBUG] [org.gradle.internal.remote.internal.inet.InetAddresses] Is this a loopback interface? false
14:07:14.208 [DEBUG] [org.gradle.internal.remote.internal.inet.InetAddresses] Is this a multicast interface? true
14:07:14.208 [DEBUG] [org.gradle.internal.remote.internal.inet.InetAddresses] Adding remote address /26.187.190.22
14:07:14.209 [DEBUG] [org.gradle.internal.remote.internal.inet.InetAddresses] Adding remote multicast interface Famatech RadminVPN Ethernet Adapter
14:07:14.209 [DEBUG] [org.gradle.internal.remote.internal.inet.InetAddresses] Adding IP addresses for network interface WAN Miniport (L2TP)
14:07:14.214 [DEBUG] [org.gradle.internal.remote.internal.inet.InetAddresses] Is this a loopback interface? false
14:07:14.218 [DEBUG] [org.gradle.internal.remote.internal.inet.InetAddresses] Is this a multicast interface? true
14:07:14.219 [DEBUG] [org.gradle.internal.remote.internal.inet.InetAddresses] Adding loopback multicast interface WAN Miniport (L2TP)
14:07:14.219 [DEBUG] [org.gradle.internal.remote.internal.inet.InetAddresses] Adding IP addresses for network interface Microsoft Wi-Fi Direct Virtual Adapter #2
14:07:14.223 [DEBUG] [org.gradle.internal.remote.internal.inet.InetAddresses] Is this a loopback interface? false
14:07:14.227 [DEBUG] [org.gradle.internal.remote.internal.inet.InetAddresses] Is this a multicast interface? true
14:07:14.227 [DEBUG] [org.gradle.internal.remote.internal.inet.InetAddresses] Adding loopback multicast interface Microsoft Wi-Fi Direct Virtual Adapter #2
14:07:14.228 [DEBUG] [org.gradle.internal.remote.internal.inet.InetAddresses] Adding IP addresses for network interface Microsoft IP-HTTPS Platform Adapter
14:07:14.231 [DEBUG] [org.gradle.internal.remote.internal.inet.InetAddresses] Is this a loopback interface? false
14:07:14.236 [DEBUG] [org.gradle.internal.remote.internal.inet.InetAddresses] Is this a multicast interface? true
14:07:14.236 [DEBUG] [org.gradle.internal.remote.internal.inet.InetAddresses] Adding loopback multicast interface Microsoft IP-HTTPS Platform Adapter
14:07:14.236 [DEBUG] [org.gradle.internal.remote.internal.inet.InetAddresses] Adding IP addresses for network interface TAP-ProtonVPN Windows Adapter V9
14:07:14.241 [DEBUG] [org.gradle.internal.remote.internal.inet.InetAddresses] Is this a loopback interface? false
14:07:14.247 [DEBUG] [org.gradle.internal.remote.internal.inet.InetAddresses] Is this a multicast interface? true
14:07:14.247 [DEBUG] [org.gradle.internal.remote.internal.inet.InetAddresses] Adding loopback multicast interface TAP-ProtonVPN Windows Adapter V9
14:07:14.247 [DEBUG] [org.gradle.internal.remote.internal.inet.InetAddresses] Adding IP addresses for network interface WAN Miniport (PPTP)
14:07:14.251 [DEBUG] [org.gradle.internal.remote.internal.inet.InetAddresses] Is this a loopback interface? false
14:07:14.256 [DEBUG] [org.gradle.internal.remote.internal.inet.InetAddresses] Is this a multicast interface? true
14:07:14.256 [DEBUG] [org.gradle.internal.remote.internal.inet.InetAddresses] Adding loopback multicast interface WAN Miniport (PPTP)
14:07:14.256 [DEBUG] [org.gradle.internal.remote.internal.inet.InetAddresses] Adding IP addresses for network interface Microsoft Kernel Debug Network Adapter
14:07:14.261 [DEBUG] [org.gradle.internal.remote.internal.inet.InetAddresses] Is this a loopback interface? false
14:07:14.265 [DEBUG] [org.gradle.internal.remote.internal.inet.InetAddresses] Is this a multicast interface? true
14:07:14.265 [DEBUG] [org.gradle.internal.remote.internal.inet.InetAddresses] Adding loopback multicast interface Microsoft Kernel Debug Network Adapter
14:07:14.265 [DEBUG] [org.gradle.internal.remote.internal.inet.InetAddresses] Adding IP addresses for network interface ProtonVPN Tunnel
14:07:14.270 [DEBUG] [org.gradle.internal.remote.internal.inet.InetAddresses] Is this a loopback interface? false
14:07:14.274 [DEBUG] [org.gradle.internal.remote.internal.inet.InetAddresses] Is this a multicast interface? true
14:07:14.274 [DEBUG] [org.gradle.internal.remote.internal.inet.InetAddresses] Adding remote address /fe80:0:0:0:64e7:ac32:607b:e6da%net6
14:07:14.274 [DEBUG] [org.gradle.internal.remote.internal.inet.InetAddresses] Adding remote multicast interface ProtonVPN Tunnel
14:07:14.275 [DEBUG] [org.gradle.internal.remote.internal.inet.InetAddresses] Adding IP addresses for network interface Realtek 8822CE Wireless LAN 802.11ac PCI-E NIC
14:07:14.279 [DEBUG] [org.gradle.internal.remote.internal.inet.InetAddresses] Is this a loopback interface? false
14:07:14.282 [DEBUG] [org.gradle.internal.remote.internal.inet.InetAddresses] Is this a multicast interface? true
14:07:14.283 [DEBUG] [org.gradle.internal.remote.internal.inet.InetAddresses] Adding remote address /172.18.6.222
14:07:14.283 [DEBUG] [org.gradle.internal.remote.internal.inet.InetAddresses] Adding remote multicast interface Realtek 8822CE Wireless LAN 802.11ac PCI-E NIC
14:07:14.283 [DEBUG] [org.gradle.internal.remote.internal.inet.InetAddresses] Adding IP addresses for network interface Bluetooth Device (Personal Area Network)
14:07:14.287 [DEBUG] [org.gradle.internal.remote.internal.inet.InetAddresses] Is this a loopback interface? false
14:07:14.293 [DEBUG] [org.gradle.internal.remote.internal.inet.InetAddresses] Is this a multicast interface? true
14:07:14.293 [DEBUG] [org.gradle.internal.remote.internal.inet.InetAddresses] Adding loopback multicast interface Bluetooth Device (Personal Area Network)
14:07:14.293 [DEBUG] [org.gradle.internal.remote.internal.inet.InetAddresses] Adding IP addresses for network interface Realtek USB GbE Family Controller
14:07:14.297 [DEBUG] [org.gradle.internal.remote.internal.inet.InetAddresses] Is this a loopback interface? false
14:07:14.301 [DEBUG] [org.gradle.internal.remote.internal.inet.InetAddresses] Is this a multicast interface? true
14:07:14.302 [DEBUG] [org.gradle.internal.remote.internal.inet.InetAddresses] Adding loopback multicast interface Realtek USB GbE Family Controller
14:07:14.302 [DEBUG] [org.gradle.internal.remote.internal.inet.InetAddresses] Adding IP addresses for network interface Microsoft Teredo Tunneling Adapter
14:07:14.306 [DEBUG] [org.gradle.internal.remote.internal.inet.InetAddresses] Is this a loopback interface? false
14:07:14.310 [DEBUG] [org.gradle.internal.remote.internal.inet.InetAddresses] Is this a multicast interface? true
14:07:14.311 [DEBUG] [org.gradle.internal.remote.internal.inet.InetAddresses] Adding loopback multicast interface Microsoft Teredo Tunneling Adapter
14:07:14.311 [DEBUG] [org.gradle.internal.remote.internal.inet.InetAddresses] Adding IP addresses for network interface TAP-NordVPN Windows Adapter V9
14:07:14.315 [DEBUG] [org.gradle.internal.remote.internal.inet.InetAddresses] Is this a loopback interface? false
14:07:14.319 [DEBUG] [org.gradle.internal.remote.internal.inet.InetAddresses] Is this a multicast interface? true
14:07:14.320 [DEBUG] [org.gradle.internal.remote.internal.inet.InetAddresses] Adding loopback multicast interface TAP-NordVPN Windows Adapter V9
14:07:14.320 [DEBUG] [org.gradle.internal.remote.internal.inet.InetAddresses] Adding IP addresses for network interface TAP-NordVPN Windows Adapter V9-WFP Native MAC Layer LightWeight Filter-0000
14:07:14.325 [DEBUG] [org.gradle.internal.remote.internal.inet.InetAddresses] Is this a loopback interface? false
14:07:14.330 [DEBUG] [org.gradle.internal.remote.internal.inet.InetAddresses] Is this a multicast interface? true
14:07:14.330 [DEBUG] [org.gradle.internal.remote.internal.inet.InetAddresses] Adding loopback multicast interface TAP-NordVPN Windows Adapter V9-WFP Native MAC Layer LightWeight Filter-0000
14:07:14.330 [DEBUG] [org.gradle.internal.remote.internal.inet.InetAddresses] Adding IP addresses for network interface WAN Miniport (IPv6)
14:07:14.334 [DEBUG] [org.gradle.internal.remote.internal.inet.InetAddresses] Is this a loopback interface? false
14:07:14.339 [DEBUG] [org.gradle.internal.remote.internal.inet.InetAddresses] Is this a multicast interface? true
14:07:14.339 [DEBUG] [org.gradle.internal.remote.internal.inet.InetAddresses] Adding loopback multicast interface WAN Miniport (IPv6)
14:07:14.339 [DEBUG] [org.gradle.internal.remote.internal.inet.InetAddresses] Adding IP addresses for network interface VirtualBox Host-Only Ethernet Adapter
14:07:14.344 [DEBUG] [org.gradle.internal.remote.internal.inet.InetAddresses] Is this a loopback interface? false
14:07:14.348 [DEBUG] [org.gradle.internal.remote.internal.inet.InetAddresses] Is this a multicast interface? true
14:07:14.348 [DEBUG] [org.gradle.internal.remote.internal.inet.InetAddresses] Adding remote address /192.168.56.1
14:07:14.348 [DEBUG] [org.gradle.internal.remote.internal.inet.InetAddresses] Adding remote multicast interface VirtualBox Host-Only Ethernet Adapter
14:07:14.348 [DEBUG] [org.gradle.internal.remote.internal.inet.InetAddresses] Adding IP addresses for network interface ProtonVPN Tunnel
14:07:14.352 [DEBUG] [org.gradle.internal.remote.internal.inet.InetAddresses] Is this a loopback interface? false
14:07:14.357 [DEBUG] [org.gradle.internal.remote.internal.inet.InetAddresses] Is this a multicast interface? true
14:07:14.357 [DEBUG] [org.gradle.internal.remote.internal.inet.InetAddresses] Adding loopback multicast interface ProtonVPN Tunnel
14:07:14.357 [DEBUG] [org.gradle.internal.remote.internal.inet.InetAddresses] Adding IP addresses for network interface WAN Miniport (PPPOE)
14:07:14.362 [DEBUG] [org.gradle.internal.remote.internal.inet.InetAddresses] Is this a loopback interface? false
14:07:14.365 [DEBUG] [org.gradle.internal.remote.internal.inet.InetAddresses] Is this a multicast interface? true
14:07:14.365 [DEBUG] [org.gradle.internal.remote.internal.inet.InetAddresses] Adding loopback multicast interface WAN Miniport (PPPOE)
14:07:14.365 [DEBUG] [org.gradle.internal.remote.internal.inet.InetAddresses] Adding IP addresses for network interface WAN Miniport (SSTP)
14:07:14.369 [DEBUG] [org.gradle.internal.remote.internal.inet.InetAddresses] Is this a loopback interface? false
14:07:14.373 [DEBUG] [org.gradle.internal.remote.internal.inet.InetAddresses] Is this a multicast interface? true
14:07:14.373 [DEBUG] [org.gradle.internal.remote.internal.inet.InetAddresses] Adding loopback multicast interface WAN Miniport (SSTP)
14:07:14.373 [DEBUG] [org.gradle.internal.remote.internal.inet.InetAddresses] Adding IP addresses for network interface Microsoft Wi-Fi Direct Virtual Adapter-WFP Native MAC Layer LightWeight Filter-0000
14:07:14.377 [DEBUG] [org.gradle.internal.remote.internal.inet.InetAddresses] Is this a loopback interface? false
14:07:14.381 [DEBUG] [org.gradle.internal.remote.internal.inet.InetAddresses] Is this a multicast interface? true
14:07:14.381 [DEBUG] [org.gradle.internal.remote.internal.inet.InetAddresses] Adding loopback multicast interface Microsoft Wi-Fi Direct Virtual Adapter-WFP Native MAC Layer LightWeight Filter-0000
14:07:14.381 [DEBUG] [org.gradle.internal.remote.internal.inet.InetAddresses] Adding IP addresses for network interface WAN Miniport (IP)
14:07:14.384 [DEBUG] [org.gradle.internal.remote.internal.inet.InetAddresses] Is this a loopback interface? false
14:07:14.389 [DEBUG] [org.gradle.internal.remote.internal.inet.InetAddresses] Is this a multicast interface? true
14:07:14.390 [DEBUG] [org.gradle.internal.remote.internal.inet.InetAddresses] Adding loopback multicast interface WAN Miniport (IP)
14:07:14.390 [DEBUG] [org.gradle.internal.remote.internal.inet.InetAddresses] Adding IP addresses for network interface TAP-NordVPN Windows Adapter V9-VirtualBox NDIS Light-Weight Filter-0000
14:07:14.395 [DEBUG] [org.gradle.internal.remote.internal.inet.InetAddresses] Is this a loopback interface? false
14:07:14.399 [DEBUG] [org.gradle.internal.remote.internal.inet.InetAddresses] Is this a multicast interface? true
14:07:14.399 [DEBUG] [org.gradle.internal.remote.internal.inet.InetAddresses] Adding loopback multicast interface TAP-NordVPN Windows Adapter V9-VirtualBox NDIS Light-Weight Filter-0000
14:07:14.399 [DEBUG] [org.gradle.internal.remote.internal.inet.InetAddresses] Adding IP addresses for network interface TAP-NordVPN Windows Adapter V9-QoS Packet Scheduler-0000
14:07:14.403 [DEBUG] [org.gradle.internal.remote.internal.inet.InetAddresses] Is this a loopback interface? false
14:07:14.409 [DEBUG] [org.gradle.internal.remote.internal.inet.InetAddresses] Is this a multicast interface? true
14:07:14.410 [DEBUG] [org.gradle.internal.remote.internal.inet.InetAddresses] Adding loopback multicast interface TAP-NordVPN Windows Adapter V9-QoS Packet Scheduler-0000
14:07:14.410 [DEBUG] [org.gradle.internal.remote.internal.inet.InetAddresses] Adding IP addresses for network interface TAP-NordVPN Windows Adapter V9-WFP 802.3 MAC Layer LightWeight Filter-0000
14:07:14.414 [DEBUG] [org.gradle.internal.remote.internal.inet.InetAddresses] Is this a loopback interface? false
14:07:14.418 [DEBUG] [org.gradle.internal.remote.internal.inet.InetAddresses] Is this a multicast interface? true
14:07:14.418 [DEBUG] [org.gradle.internal.remote.internal.inet.InetAddresses] Adding loopback multicast interface TAP-NordVPN Windows Adapter V9-WFP 802.3 MAC Layer LightWeight Filter-0000
14:07:14.418 [DEBUG] [org.gradle.internal.remote.internal.inet.InetAddresses] Adding IP addresses for network interface Famatech RadminVPN Ethernet Adapter-WFP Native MAC Layer LightWeight Filter-0000
14:07:14.422 [DEBUG] [org.gradle.internal.remote.internal.inet.InetAddresses] Is this a loopback interface? false
14:07:14.427 [DEBUG] [org.gradle.internal.remote.internal.inet.InetAddresses] Is this a multicast interface? true
14:07:14.427 [DEBUG] [org.gradle.internal.remote.internal.inet.InetAddresses] Adding loopback multicast interface Famatech RadminVPN Ethernet Adapter-WFP Native MAC Layer LightWeight Filter-0000
14:07:14.427 [DEBUG] [org.gradle.internal.remote.internal.inet.InetAddresses] Adding IP addresses for network interface Hyper-V Virtual Switch Extension Adapter-Hyper-V Virtual Switch Extension Filter-0000
14:07:14.431 [DEBUG] [org.gradle.internal.remote.internal.inet.InetAddresses] Is this a loopback interface? false
14:07:14.435 [DEBUG] [org.gradle.internal.remote.internal.inet.InetAddresses] Is this a multicast interface? true
14:07:14.436 [DEBUG] [org.gradle.internal.remote.internal.inet.InetAddresses] Adding loopback multicast interface Hyper-V Virtual Switch Extension Adapter-Hyper-V Virtual Switch Extension Filter-0000
14:07:14.436 [DEBUG] [org.gradle.internal.remote.internal.inet.InetAddresses] Adding IP addresses for network interface Famatech RadminVPN Ethernet Adapter-VirtualBox NDIS Light-Weight Filter-0000
14:07:14.442 [DEBUG] [org.gradle.internal.remote.internal.inet.InetAddresses] Is this a loopback interface? false
14:07:14.448 [DEBUG] [org.gradle.internal.remote.internal.inet.InetAddresses] Is this a multicast interface? true
14:07:14.448 [DEBUG] [org.gradle.internal.remote.internal.inet.InetAddresses] Adding loopback multicast interface Famatech RadminVPN Ethernet Adapter-VirtualBox NDIS Light-Weight Filter-0000
14:07:14.448 [DEBUG] [org.gradle.internal.remote.internal.inet.InetAddresses] Adding IP addresses for network interface Famatech RadminVPN Ethernet Adapter-QoS Packet Scheduler-0000
14:07:14.453 [DEBUG] [org.gradle.internal.remote.internal.inet.InetAddresses] Is this a loopback interface? false
14:07:14.459 [DEBUG] [org.gradle.internal.remote.internal.inet.InetAddresses] Is this a multicast interface? true
14:07:14.460 [DEBUG] [org.gradle.internal.remote.internal.inet.InetAddresses] Adding loopback multicast interface Famatech RadminVPN Ethernet Adapter-QoS Packet Scheduler-0000
14:07:14.460 [DEBUG] [org.gradle.internal.remote.internal.inet.InetAddresses] Adding IP addresses for network interface Hyper-V Virtual Switch Extension Adapter
14:07:14.468 [DEBUG] [org.gradle.internal.remote.internal.inet.InetAddresses] Is this a loopback interface? false
14:07:14.475 [DEBUG] [org.gradle.internal.remote.internal.inet.InetAddresses] Is this a multicast interface? true
14:07:14.476 [DEBUG] [org.gradle.internal.remote.internal.inet.InetAddresses] Adding loopback multicast interface Hyper-V Virtual Switch Extension Adapter
14:07:14.476 [DEBUG] [org.gradle.internal.remote.internal.inet.InetAddresses] Adding IP addresses for network interface Famatech RadminVPN Ethernet Adapter-WFP 802.3 MAC Layer LightWeight Filter-0000
14:07:14.481 [DEBUG] [org.gradle.internal.remote.internal.inet.InetAddresses] Is this a loopback interface? false
14:07:14.487 [DEBUG] [org.gradle.internal.remote.internal.inet.InetAddresses] Is this a multicast interface? true
14:07:14.487 [DEBUG] [org.gradle.internal.remote.internal.inet.InetAddresses] Adding loopback multicast interface Famatech RadminVPN Ethernet Adapter-WFP 802.3 MAC Layer LightWeight Filter-0000
14:07:14.487 [DEBUG] [org.gradle.internal.remote.internal.inet.InetAddresses] Adding IP addresses for network interface Hyper-V Virtual Ethernet Adapter
14:07:14.492 [DEBUG] [org.gradle.internal.remote.internal.inet.InetAddresses] Is this a loopback interface? false
14:07:14.497 [DEBUG] [org.gradle.internal.remote.internal.inet.InetAddresses] Is this a multicast interface? true
14:07:14.498 [DEBUG] [org.gradle.internal.remote.internal.inet.InetAddresses] Adding remote address /172.24.160.1
14:07:14.498 [DEBUG] [org.gradle.internal.remote.internal.inet.InetAddresses] Adding remote address /fe80:0:0:0:ad55:6253:9bb6:ff71%eth19
14:07:14.498 [DEBUG] [org.gradle.internal.remote.internal.inet.InetAddresses] Adding remote multicast interface Hyper-V Virtual Ethernet Adapter
14:07:14.498 [DEBUG] [org.gradle.internal.remote.internal.inet.InetAddresses] Adding IP addresses for network interface Hyper-V Virtual Ethernet Adapter-WFP Native MAC Layer LightWeight Filter-0000
14:07:14.502 [DEBUG] [org.gradle.internal.remote.internal.inet.InetAddresses] Is this a loopback interface? false
14:07:14.506 [DEBUG] [org.gradle.internal.remote.internal.inet.InetAddresses] Is this a multicast interface? true
14:07:14.507 [DEBUG] [org.gradle.internal.remote.internal.inet.InetAddresses] Adding loopback multicast interface Hyper-V Virtual Ethernet Adapter-WFP Native MAC Layer LightWeight Filter-0000
14:07:14.507 [DEBUG] [org.gradle.internal.remote.internal.inet.InetAddresses] Adding IP addresses for network interface Hyper-V Virtual Ethernet Adapter-VirtualBox NDIS Light-Weight Filter-0000
14:07:14.510 [DEBUG] [org.gradle.internal.remote.internal.inet.InetAddresses] Is this a loopback interface? false
14:07:14.515 [DEBUG] [org.gradle.internal.remote.internal.inet.InetAddresses] Is this a multicast interface? true
14:07:14.515 [DEBUG] [org.gradle.internal.remote.internal.inet.InetAddresses] Adding loopback multicast interface Hyper-V Virtual Ethernet Adapter-VirtualBox NDIS Light-Weight Filter-0000
14:07:14.515 [DEBUG] [org.gradle.internal.remote.internal.inet.InetAddresses] Adding IP addresses for network interface VirtualBox Host-Only Ethernet Adapter-WFP Native MAC Layer LightWeight Filter-0000
14:07:14.519 [DEBUG] [org.gradle.internal.remote.internal.inet.InetAddresses] Is this a loopback interface? false
14:07:14.524 [DEBUG] [org.gradle.internal.remote.internal.inet.InetAddresses] Is this a multicast interface? true
14:07:14.525 [DEBUG] [org.gradle.internal.remote.internal.inet.InetAddresses] Adding loopback multicast interface VirtualBox Host-Only Ethernet Adapter-WFP Native MAC Layer LightWeight Filter-0000
14:07:14.525 [DEBUG] [org.gradle.internal.remote.internal.inet.InetAddresses] Adding IP addresses for network interface VirtualBox Host-Only Ethernet Adapter-QoS Packet Scheduler-0000
14:07:14.529 [DEBUG] [org.gradle.internal.remote.internal.inet.InetAddresses] Is this a loopback interface? false
14:07:14.533 [DEBUG] [org.gradle.internal.remote.internal.inet.InetAddresses] Is this a multicast interface? true
14:07:14.534 [DEBUG] [org.gradle.internal.remote.internal.inet.InetAddresses] Adding loopback multicast interface VirtualBox Host-Only Ethernet Adapter-QoS Packet Scheduler-0000
14:07:14.534 [DEBUG] [org.gradle.internal.remote.internal.inet.InetAddresses] Adding IP addresses for network interface VirtualBox Host-Only Ethernet Adapter-WFP 802.3 MAC Layer LightWeight Filter-0000
14:07:14.538 [DEBUG] [org.gradle.internal.remote.internal.inet.InetAddresses] Is this a loopback interface? false
14:07:14.542 [DEBUG] [org.gradle.internal.remote.internal.inet.InetAddresses] Is this a multicast interface? true
14:07:14.543 [DEBUG] [org.gradle.internal.remote.internal.inet.InetAddresses] Adding loopback multicast interface VirtualBox Host-Only Ethernet Adapter-WFP 802.3 MAC Layer LightWeight Filter-0000
14:07:14.543 [DEBUG] [org.gradle.internal.remote.internal.inet.InetAddresses] Adding IP addresses for network interface Microsoft Wi-Fi Direct Virtual Adapter-Native WiFi Filter Driver-0000
14:07:14.547 [DEBUG] [org.gradle.internal.remote.internal.inet.InetAddresses] Is this a loopback interface? false
14:07:14.551 [DEBUG] [org.gradle.internal.remote.internal.inet.InetAddresses] Is this a multicast interface? true
14:07:14.551 [DEBUG] [org.gradle.internal.remote.internal.inet.InetAddresses] Adding loopback multicast interface Microsoft Wi-Fi Direct Virtual Adapter-Native WiFi Filter Driver-0000
14:07:14.551 [DEBUG] [org.gradle.internal.remote.internal.inet.InetAddresses] Adding IP addresses for network interface TAP-ProtonVPN Windows Adapter V9-WFP Native MAC Layer LightWeight Filter-0000
14:07:14.555 [DEBUG] [org.gradle.internal.remote.internal.inet.InetAddresses] Is this a loopback interface? false
14:07:14.560 [DEBUG] [org.gradle.internal.remote.internal.inet.InetAddresses] Is this a multicast interface? true
14:07:14.560 [DEBUG] [org.gradle.internal.remote.internal.inet.InetAddresses] Adding loopback multicast interface TAP-ProtonVPN Windows Adapter V9-WFP Native MAC Layer LightWeight Filter-0000
14:07:14.560 [DEBUG] [org.gradle.internal.remote.internal.inet.InetAddresses] Adding IP addresses for network interface TAP-ProtonVPN Windows Adapter V9-VirtualBox NDIS Light-Weight Filter-0000
14:07:14.564 [DEBUG] [org.gradle.internal.remote.internal.inet.InetAddresses] Is this a loopback interface? false
14:07:14.568 [DEBUG] [org.gradle.internal.remote.internal.inet.InetAddresses] Is this a multicast interface? true
14:07:14.568 [DEBUG] [org.gradle.internal.remote.internal.inet.InetAddresses] Adding loopback multicast interface TAP-ProtonVPN Windows Adapter V9-VirtualBox NDIS Light-Weight Filter-0000
14:07:14.568 [DEBUG] [org.gradle.internal.remote.internal.inet.InetAddresses] Adding IP addresses for network interface TAP-ProtonVPN Windows Adapter V9-QoS Packet Scheduler-0000
14:07:14.573 [DEBUG] [org.gradle.internal.remote.internal.inet.InetAddresses] Is this a loopback interface? false
14:07:14.577 [DEBUG] [org.gradle.internal.remote.internal.inet.InetAddresses] Is this a multicast interface? true
14:07:14.577 [DEBUG] [org.gradle.internal.remote.internal.inet.InetAddresses] Adding loopback multicast interface TAP-ProtonVPN Windows Adapter V9-QoS Packet Scheduler-0000
14:07:14.577 [DEBUG] [org.gradle.internal.remote.internal.inet.InetAddresses] Adding IP addresses for network interface TAP-ProtonVPN Windows Adapter V9-WFP 802.3 MAC Layer LightWeight Filter-0000
14:07:14.582 [DEBUG] [org.gradle.internal.remote.internal.inet.InetAddresses] Is this a loopback interface? false
14:07:14.587 [DEBUG] [org.gradle.internal.remote.internal.inet.InetAddresses] Is this a multicast interface? true
14:07:14.587 [DEBUG] [org.gradle.internal.remote.internal.inet.InetAddresses] Adding loopback multicast interface TAP-ProtonVPN Windows Adapter V9-WFP 802.3 MAC Layer LightWeight Filter-0000
14:07:14.587 [DEBUG] [org.gradle.internal.remote.internal.inet.InetAddresses] Adding IP addresses for network interface Realtek 8822CE Wireless LAN 802.11ac PCI-E NIC-WFP Native MAC Layer LightWeight Filter-0000
14:07:14.592 [DEBUG] [org.gradle.internal.remote.internal.inet.InetAddresses] Is this a loopback interface? false
14:07:14.597 [DEBUG] [org.gradle.internal.remote.internal.inet.InetAddresses] Is this a multicast interface? true
14:07:14.597 [DEBUG] [org.gradle.internal.remote.internal.inet.InetAddresses] Adding loopback multicast interface Realtek 8822CE Wireless LAN 802.11ac PCI-E NIC-WFP Native MAC Layer LightWeight Filter-0000
14:07:14.597 [DEBUG] [org.gradle.internal.remote.internal.inet.InetAddresses] Adding IP addresses for network interface Realtek 8822CE Wireless LAN 802.11ac PCI-E NIC-Virtual WiFi Filter Driver-0000
14:07:14.602 [DEBUG] [org.gradle.internal.remote.internal.inet.InetAddresses] Is this a loopback interface? false
14:07:14.608 [DEBUG] [org.gradle.internal.remote.internal.inet.InetAddresses] Is this a multicast interface? true
14:07:14.608 [DEBUG] [org.gradle.internal.remote.internal.inet.InetAddresses] Adding loopback multicast interface Realtek 8822CE Wireless LAN 802.11ac PCI-E NIC-Virtual WiFi Filter Driver-0000
14:07:14.608 [DEBUG] [org.gradle.internal.remote.internal.inet.InetAddresses] Adding IP addresses for network interface Realtek 8822CE Wireless LAN 802.11ac PCI-E NIC-Native WiFi Filter Driver-0000
14:07:14.614 [DEBUG] [org.gradle.internal.remote.internal.inet.InetAddresses] Is this a loopback interface? false
14:07:14.618 [DEBUG] [org.gradle.internal.remote.internal.inet.InetAddresses] Is this a multicast interface? true
14:07:14.618 [DEBUG] [org.gradle.internal.remote.internal.inet.InetAddresses] Adding loopback multicast interface Realtek 8822CE Wireless LAN 802.11ac PCI-E NIC-Native WiFi Filter Driver-0000
14:07:14.618 [DEBUG] [org.gradle.internal.remote.internal.inet.InetAddresses] Adding IP addresses for network interface Realtek 8822CE Wireless LAN 802.11ac PCI-E NIC-VirtualBox NDIS Light-Weight Filter-0000
14:07:14.622 [DEBUG] [org.gradle.internal.remote.internal.inet.InetAddresses] Is this a loopback interface? false
14:07:14.627 [DEBUG] [org.gradle.internal.remote.internal.inet.InetAddresses] Is this a multicast interface? true
14:07:14.627 [DEBUG] [org.gradle.internal.remote.internal.inet.InetAddresses] Adding loopback multicast interface Realtek 8822CE Wireless LAN 802.11ac PCI-E NIC-VirtualBox NDIS Light-Weight Filter-0000
14:07:14.627 [DEBUG] [org.gradle.internal.remote.internal.inet.InetAddresses] Adding IP addresses for network interface Realtek 8822CE Wireless LAN 802.11ac PCI-E NIC-QoS Packet Scheduler-0000
14:07:14.630 [DEBUG] [org.gradle.internal.remote.internal.inet.InetAddresses] Is this a loopback interface? false
14:07:14.634 [DEBUG] [org.gradle.internal.remote.internal.inet.InetAddresses] Is this a multicast interface? true
14:07:14.634 [DEBUG] [org.gradle.internal.remote.internal.inet.InetAddresses] Adding loopback multicast interface Realtek 8822CE Wireless LAN 802.11ac PCI-E NIC-QoS Packet Scheduler-0000
14:07:14.634 [DEBUG] [org.gradle.internal.remote.internal.inet.InetAddresses] Adding IP addresses for network interface Realtek 8822CE Wireless LAN 802.11ac PCI-E NIC-WFP 802.3 MAC Layer LightWeight Filter-0000
14:07:14.638 [DEBUG] [org.gradle.internal.remote.internal.inet.InetAddresses] Is this a loopback interface? false
14:07:14.643 [DEBUG] [org.gradle.internal.remote.internal.inet.InetAddresses] Is this a multicast interface? true
14:07:14.643 [DEBUG] [org.gradle.internal.remote.internal.inet.InetAddresses] Adding loopback multicast interface Realtek 8822CE Wireless LAN 802.11ac PCI-E NIC-WFP 802.3 MAC Layer LightWeight Filter-0000
14:07:14.643 [DEBUG] [org.gradle.internal.remote.internal.inet.InetAddresses] Adding IP addresses for network interface WAN Miniport (IP)-WFP Native MAC Layer LightWeight Filter-0000
14:07:14.648 [DEBUG] [org.gradle.internal.remote.internal.inet.InetAddresses] Is this a loopback interface? false
14:07:14.652 [DEBUG] [org.gradle.internal.remote.internal.inet.InetAddresses] Is this a multicast interface? true
14:07:14.653 [DEBUG] [org.gradle.internal.remote.internal.inet.InetAddresses] Adding loopback multicast interface WAN Miniport (IP)-WFP Native MAC Layer LightWeight Filter-0000
14:07:14.653 [DEBUG] [org.gradle.internal.remote.internal.inet.InetAddresses] Adding IP addresses for network interface WAN Miniport (IP)-QoS Packet Scheduler-0000
14:07:14.658 [DEBUG] [org.gradle.internal.remote.internal.inet.InetAddresses] Is this a loopback interface? false
14:07:14.662 [DEBUG] [org.gradle.internal.remote.internal.inet.InetAddresses] Is this a multicast interface? true
14:07:14.662 [DEBUG] [org.gradle.internal.remote.internal.inet.InetAddresses] Adding loopback multicast interface WAN Miniport (IP)-QoS Packet Scheduler-0000
14:07:14.662 [DEBUG] [org.gradle.internal.remote.internal.inet.InetAddresses] Adding IP addresses for network interface WAN Miniport (IPv6)-WFP Native MAC Layer LightWeight Filter-0000
14:07:14.666 [DEBUG] [org.gradle.internal.remote.internal.inet.InetAddresses] Is this a loopback interface? false
14:07:14.671 [DEBUG] [org.gradle.internal.remote.internal.inet.InetAddresses] Is this a multicast interface? true
14:07:14.671 [DEBUG] [org.gradle.internal.remote.internal.inet.InetAddresses] Adding loopback multicast interface WAN Miniport (IPv6)-WFP Native MAC Layer LightWeight Filter-0000
14:07:14.671 [DEBUG] [org.gradle.internal.remote.internal.inet.InetAddresses] Adding IP addresses for network interface WAN Miniport (IPv6)-QoS Packet Scheduler-0000
14:07:14.676 [DEBUG] [org.gradle.internal.remote.internal.inet.InetAddresses] Is this a loopback interface? false
14:07:14.680 [DEBUG] [org.gradle.internal.remote.internal.inet.InetAddresses] Is this a multicast interface? true
14:07:14.680 [DEBUG] [org.gradle.internal.remote.internal.inet.InetAddresses] Adding loopback multicast interface WAN Miniport (IPv6)-QoS Packet Scheduler-0000
14:07:14.681 [DEBUG] [org.gradle.internal.remote.internal.inet.InetAddresses] Adding IP addresses for network interface WAN Miniport (Network Monitor)-WFP Native MAC Layer LightWeight Filter-0000
14:07:14.685 [DEBUG] [org.gradle.internal.remote.internal.inet.InetAddresses] Is this a loopback interface? false
14:07:14.690 [DEBUG] [org.gradle.internal.remote.internal.inet.InetAddresses] Is this a multicast interface? true
14:07:14.691 [DEBUG] [org.gradle.internal.remote.internal.inet.InetAddresses] Adding loopback multicast interface WAN Miniport (Network Monitor)-WFP Native MAC Layer LightWeight Filter-0000
14:07:14.691 [DEBUG] [org.gradle.internal.remote.internal.inet.InetAddresses] Adding IP addresses for network interface WAN Miniport (Network Monitor)-QoS Packet Scheduler-0000
14:07:14.695 [DEBUG] [org.gradle.internal.remote.internal.inet.InetAddresses] Is this a loopback interface? false
14:07:14.699 [DEBUG] [org.gradle.internal.remote.internal.inet.InetAddresses] Is this a multicast interface? true
14:07:14.699 [DEBUG] [org.gradle.internal.remote.internal.inet.InetAddresses] Adding loopback multicast interface WAN Miniport (Network Monitor)-QoS Packet Scheduler-0000
14:07:14.699 [DEBUG] [org.gradle.internal.remote.internal.inet.InetAddresses] Adding IP addresses for network interface Microsoft Wi-Fi Direct Virtual Adapter-VirtualBox NDIS Light-Weight Filter-0000
14:07:14.703 [DEBUG] [org.gradle.internal.remote.internal.inet.InetAddresses] Is this a loopback interface? false
14:07:14.707 [DEBUG] [org.gradle.internal.remote.internal.inet.InetAddresses] Is this a multicast interface? true
14:07:14.707 [DEBUG] [org.gradle.internal.remote.internal.inet.InetAddresses] Adding loopback multicast interface Microsoft Wi-Fi Direct Virtual Adapter-VirtualBox NDIS Light-Weight Filter-0000
14:07:14.707 [DEBUG] [org.gradle.internal.remote.internal.inet.InetAddresses] Adding IP addresses for network interface Microsoft Wi-Fi Direct Virtual Adapter-QoS Packet Scheduler-0000
14:07:14.711 [DEBUG] [org.gradle.internal.remote.internal.inet.InetAddresses] Is this a loopback interface? false
14:07:14.715 [DEBUG] [org.gradle.internal.remote.internal.inet.InetAddresses] Is this a multicast interface? true
14:07:14.715 [DEBUG] [org.gradle.internal.remote.internal.inet.InetAddresses] Adding loopback multicast interface Microsoft Wi-Fi Direct Virtual Adapter-QoS Packet Scheduler-0000
14:07:14.715 [DEBUG] [org.gradle.internal.remote.internal.inet.InetAddresses] Adding IP addresses for network interface Microsoft Wi-Fi Direct Virtual Adapter-WFP 802.3 MAC Layer LightWeight Filter-0000
14:07:14.719 [DEBUG] [org.gradle.internal.remote.internal.inet.InetAddresses] Is this a loopback interface? false
14:07:14.723 [DEBUG] [org.gradle.internal.remote.internal.inet.InetAddresses] Is this a multicast interface? true
14:07:14.724 [DEBUG] [org.gradle.internal.remote.internal.inet.InetAddresses] Adding loopback multicast interface Microsoft Wi-Fi Direct Virtual Adapter-WFP 802.3 MAC Layer LightWeight Filter-0000
14:07:14.724 [DEBUG] [org.gradle.internal.remote.internal.inet.InetAddresses] Adding IP addresses for network interface Hyper-V Virtual Ethernet Adapter-QoS Packet Scheduler-0000
14:07:14.728 [DEBUG] [org.gradle.internal.remote.internal.inet.InetAddresses] Is this a loopback interface? false
14:07:14.733 [DEBUG] [org.gradle.internal.remote.internal.inet.InetAddresses] Is this a multicast interface? true
14:07:14.733 [DEBUG] [org.gradle.internal.remote.internal.inet.InetAddresses] Adding loopback multicast interface Hyper-V Virtual Ethernet Adapter-QoS Packet Scheduler-0000
14:07:14.734 [DEBUG] [org.gradle.internal.remote.internal.inet.InetAddresses] Adding IP addresses for network interface Hyper-V Virtual Ethernet Adapter-WFP 802.3 MAC Layer LightWeight Filter-0000
14:07:14.738 [DEBUG] [org.gradle.internal.remote.internal.inet.InetAddresses] Is this a loopback interface? false
14:07:14.742 [DEBUG] [org.gradle.internal.remote.internal.inet.InetAddresses] Is this a multicast interface? true
14:07:14.742 [DEBUG] [org.gradle.internal.remote.internal.inet.InetAddresses] Adding loopback multicast interface Hyper-V Virtual Ethernet Adapter-WFP 802.3 MAC Layer LightWeight Filter-0000
14:07:14.742 [DEBUG] [org.gradle.internal.remote.internal.inet.InetAddresses] Adding IP addresses for network interface Microsoft Wi-Fi Direct Virtual Adapter #2-WFP Native MAC Layer LightWeight Filter-0000
14:07:14.746 [DEBUG] [org.gradle.internal.remote.internal.inet.InetAddresses] Is this a loopback interface? false
14:07:14.750 [DEBUG] [org.gradle.internal.remote.internal.inet.InetAddresses] Is this a multicast interface? true
14:07:14.750 [DEBUG] [org.gradle.internal.remote.internal.inet.InetAddresses] Adding loopback multicast interface Microsoft Wi-Fi Direct Virtual Adapter #2-WFP Native MAC Layer LightWeight Filter-0000
14:07:14.750 [DEBUG] [org.gradle.internal.remote.internal.inet.InetAddresses] Adding IP addresses for network interface Microsoft Wi-Fi Direct Virtual Adapter #2-Native WiFi Filter Driver-0000
14:07:14.753 [DEBUG] [org.gradle.internal.remote.internal.inet.InetAddresses] Is this a loopback interface? false
14:07:14.758 [DEBUG] [org.gradle.internal.remote.internal.inet.InetAddresses] Is this a multicast interface? true
14:07:14.758 [DEBUG] [org.gradle.internal.remote.internal.inet.InetAddresses] Adding loopback multicast interface Microsoft Wi-Fi Direct Virtual Adapter #2-Native WiFi Filter Driver-0000
14:07:14.758 [DEBUG] [org.gradle.internal.remote.internal.inet.InetAddresses] Adding IP addresses for network interface Microsoft Wi-Fi Direct Virtual Adapter #2-VirtualBox NDIS Light-Weight Filter-0000
14:07:14.762 [DEBUG] [org.gradle.internal.remote.internal.inet.InetAddresses] Is this a loopback interface? false
14:07:14.765 [DEBUG] [org.gradle.internal.remote.internal.inet.InetAddresses] Is this a multicast interface? true
14:07:14.765 [DEBUG] [org.gradle.internal.remote.internal.inet.InetAddresses] Adding loopback multicast interface Microsoft Wi-Fi Direct Virtual Adapter #2-VirtualBox NDIS Light-Weight Filter-0000
14:07:14.765 [DEBUG] [org.gradle.internal.remote.internal.inet.InetAddresses] Adding IP addresses for network interface Microsoft Wi-Fi Direct Virtual Adapter #2-QoS Packet Scheduler-0000
14:07:14.768 [DEBUG] [org.gradle.internal.remote.internal.inet.InetAddresses] Is this a loopback interface? false
14:07:14.771 [DEBUG] [org.gradle.internal.remote.internal.inet.InetAddresses] Is this a multicast interface? true
14:07:14.772 [DEBUG] [org.gradle.internal.remote.internal.inet.InetAddresses] Adding loopback multicast interface Microsoft Wi-Fi Direct Virtual Adapter #2-QoS Packet Scheduler-0000
14:07:14.772 [DEBUG] [org.gradle.internal.remote.internal.inet.InetAddresses] Adding IP addresses for network interface Microsoft Wi-Fi Direct Virtual Adapter #2-WFP 802.3 MAC Layer LightWeight Filter-0000
14:07:14.775 [DEBUG] [org.gradle.internal.remote.internal.inet.InetAddresses] Is this a loopback interface? false
14:07:14.779 [DEBUG] [org.gradle.internal.remote.internal.inet.InetAddresses] Is this a multicast interface? true
14:07:14.779 [DEBUG] [org.gradle.internal.remote.internal.inet.InetAddresses] Adding loopback multicast interface Microsoft Wi-Fi Direct Virtual Adapter #2-WFP 802.3 MAC Layer LightWeight Filter-0000
14:07:14.783 [DEBUG] [org.gradle.internal.remote.internal.inet.TcpIncomingConnector] Listening on [c04c5599-3f8c-4185-ac93-a55ed1aa5181 port:56438, addresses:[/127.0.0.1, /0:0:0:0:0:0:0:1]].
14:07:14.792 [DEBUG] [org.gradle.launcher.daemon.server.Daemon] Daemon starting at: Thu Jul 28 14:07:14 MSK 2022, with address: [c04c5599-3f8c-4185-ac93-a55ed1aa5181 port:56438, addresses:[/127.0.0.1, /0:0:0:0:0:0:0:1]]
14:07:14.793 [INFO] [org.gradle.launcher.daemon.server.DaemonRegistryUpdater] Advertising the daemon address to the clients: [c04c5599-3f8c-4185-ac93-a55ed1aa5181 port:56438, addresses:[/127.0.0.1, /0:0:0:0:0:0:0:1]]
14:07:14.793 [DEBUG] [org.gradle.launcher.daemon.server.DaemonRegistryUpdater] Advertised daemon context: DefaultDaemonContext[uid=13aada83-5a3e-43b1-aa75-9b0dbaed0a76,javaHome=C:\Program Files\Java\jdk1.8.0_181,daemonRegistryDir=C:\Users\MagicBook\Desktop\norules legit recode\daemon,pid=31572,idleTimeout=10800000,daemonOpts=-Xmx3G,-Dfile.encoding=UTF-8,-Duser.country=RU,-Duser.language=ru,-Duser.variant]
14:07:14.794 [DEBUG] [org.gradle.launcher.daemon.registry.PersistentDaemonRegistry] Storing daemon address: [c04c5599-3f8c-4185-ac93-a55ed1aa5181 port:56438, addresses:[/127.0.0.1, /0:0:0:0:0:0:0:1]], context: DefaultDaemonContext[uid=13aada83-5a3e-43b1-aa75-9b0dbaed0a76,javaHome=C:\Program Files\Java\jdk1.8.0_181,daemonRegistryDir=C:\Users\MagicBook\Desktop\norules legit recode\daemon,pid=31572,idleTimeout=10800000,daemonOpts=-Xmx3G,-Dfile.encoding=UTF-8,-Duser.country=RU,-Duser.language=ru,-Duser.variant]
14:07:14.813 [DEBUG] [org.gradle.cache.internal.DefaultFileLockManager] Waiting to acquire exclusive lock on daemon addresses registry.
14:07:14.816 [DEBUG] [org.gradle.cache.internal.DefaultFileLockManager] Lock acquired on daemon addresses registry.
14:07:14.828 [DEBUG] [org.gradle.cache.internal.DefaultFileLockManager] Releasing lock on daemon addresses registry.
14:07:14.828 [LIFECYCLE] [org.gradle.launcher.daemon.server.Daemon] Daemon server started.
14:07:14.830 [DEBUG] [org.gradle.launcher.daemon.bootstrap.DaemonStartupCommunication] Completed writing the daemon greeting. Closing streams...
14:07:14.839 [DEBUG] [org.gradle.launcher.daemon.server.Daemon] stopOnExpiration() called on daemon
14:07:14.842 [DEBUG] [org.gradle.launcher.daemon.server.Daemon] awaitExpiration() called on daemon
14:07:14.842 [DEBUG] [org.gradle.launcher.daemon.server.DaemonStateCoordinator] daemon is running. Sleeping until state changes.
14:07:14.844 [DEBUG] [org.gradle.internal.remote.internal.inet.TcpIncomingConnector] Accepted connection from /127.0.0.1:56439 to /127.0.0.1:56438.
14:07:14.963 [DEBUG] [org.gradle.launcher.daemon.server.SynchronizedDispatchConnection] thread 17: received class org.gradle.launcher.daemon.protocol.Build
14:07:14.963 [DEBUG] [org.gradle.launcher.daemon.server.DefaultDaemonConnection] thread 17: Received non-IO message from client: Build{id=054842fc-7e03-4ae6-b5b0-55efab41a1e4, currentDir=C:\Users\MagicBook\Desktop\norules legit recode}
14:07:14.963 [INFO] [org.gradle.launcher.daemon.server.DefaultIncomingConnectionHandler] Received command: Build{id=054842fc-7e03-4ae6-b5b0-55efab41a1e4, currentDir=C:\Users\MagicBook\Desktop\norules legit recode}.
14:07:14.964 [DEBUG] [org.gradle.launcher.daemon.server.DefaultIncomingConnectionHandler] Starting executing command: Build{id=054842fc-7e03-4ae6-b5b0-55efab41a1e4, currentDir=C:\Users\MagicBook\Desktop\norules legit recode} with connection: socket connection from /127.0.0.1:56438 to /127.0.0.1:56439.
14:07:14.966 [ERROR] [org.gradle.launcher.daemon.server.DaemonStateCoordinator] Command execution: started DaemonCommandExecution[command = Build{id=054842fc-7e03-4ae6-b5b0-55efab41a1e4, currentDir=C:\Users\MagicBook\Desktop\norules legit recode}, connection = DefaultDaemonConnection: socket connection from /127.0.0.1:56438 to /127.0.0.1:56439] after 0.0 minutes of idle
14:07:14.966 [INFO] [org.gradle.launcher.daemon.server.DaemonRegistryUpdater] Marking the daemon as busy, address: [c04c5599-3f8c-4185-ac93-a55ed1aa5181 port:56438, addresses:[/127.0.0.1, /0:0:0:0:0:0:0:1]]
14:07:14.967 [DEBUG] [org.gradle.launcher.daemon.registry.PersistentDaemonRegistry] Marking busy by address: [c04c5599-3f8c-4185-ac93-a55ed1aa5181 port:56438, addresses:[/127.0.0.1, /0:0:0:0:0:0:0:1]]
14:07:14.968 [DEBUG] [org.gradle.cache.internal.DefaultFileLockManager] Waiting to acquire exclusive lock on daemon addresses registry.
14:07:14.969 [DEBUG] [org.gradle.cache.internal.DefaultFileLockManager] Lock acquired on daemon addresses registry.
14:07:14.974 [DEBUG] [org.gradle.cache.internal.DefaultFileLockManager] Releasing lock on daemon addresses registry.
14:07:14.974 [DEBUG] [org.gradle.launcher.daemon.server.DaemonStateCoordinator] resetting idle timer
14:07:14.975 [DEBUG] [org.gradle.launcher.daemon.server.DaemonStateCoordinator] daemon is running. Sleeping until state changes.
14:07:14.976 [INFO] [org.gradle.launcher.daemon.server.exec.StartBuildOrRespondWithBusy] Daemon is about to start building Build{id=054842fc-7e03-4ae6-b5b0-55efab41a1e4, currentDir=C:\Users\MagicBook\Desktop\norules legit recode}. Dispatching build started information...
14:07:14.977 [DEBUG] [org.gradle.launcher.daemon.server.SynchronizedDispatchConnection] thread 19: dispatching class org.gradle.launcher.daemon.protocol.BuildStarted
14:07:14.981 [DEBUG] [org.gradle.launcher.daemon.server.exec.EstablishBuildEnvironment] Configuring env variables: {USERDOMAIN_ROAMINGPROFILE=LAPTOP-CLGUBJNI, LOCALAPPDATA=C:\Users\MagicBook\AppData\Local, ChocolateyLastPathUpdate=132829017724595486, PROCESSOR_LEVEL=23, USERDOMAIN=LAPTOP-CLGUBJNI, LOGONSERVER=\\LAPTOP-CLGUBJNI, SESSIONNAME=Console, ALLUSERSPROFILE=C:\ProgramData, PROCESSOR_ARCHITECTURE=AMD64, PSModulePath=C:\Program Files\WindowsPowerShell\Modules;C:\WINDOWS\system32\WindowsPowerShell\v1.0\Modules, SystemDrive=C:, OMP_WAIT_POLICY=PASSIVE, OneDrive=C:\Users\MagicBook\OneDrive, APPDATA=C:\Users\MagicBook\AppData\Roaming, VBOX_HWVIRTEX_IGNORE_SVM_IN_USE=1, USERNAME=MagicBook, ChocolateyInstall=C:\ProgramData\chocolatey, ProgramFiles(x86)=C:\Program Files (x86), VBOX_MSI_INSTALL_PATH=C:\Program Files\Oracle\VirtualBox\, CommonProgramFiles=C:\Program Files\Common Files, Path=C:\Program Files\Common Files\Oracle\Java\javapath;C:\Python310\Scripts\;C:\Python310\;C:\Program Files (x86)\Common Files\Oracle\Java\javapath;C:\WINDOWS\system32;C:\WINDOWS;C:\WINDOWS\System32\Wbem;C:\WINDOWS\System32\WindowsPowerShell\v1.0\;C:\WINDOWS\System32\OpenSSH\;C:\Program Files\dotnet\;C:\Program Files (x86)\QuickTime\QTSystem\;C:\Program Files\Calibre2\;C:\Program Files\Git\cmd;C:\Program Files\nodejs\;C:\ProgramData\chocolatey\bin;C:\Program Files\Docker\Docker\resources\bin;C:\ProgramData\DockerDesktop\version-bin;C:\Program Files (x86)\Bitvise SSH Client;C:\Program Files\Java\jdk1.8.0_181\bin;C:\Program Files\Java\jdk-16.0.2\bin;C:\Program Files\Java\jdk-17.0.1\bin;C:\Program Files\MySQL\MySQL Shell 8.0\bin\;C:\Users\MagicBook\AppData\Local\Programs\Python\Python39\Scripts\;C:\Users\MagicBook\AppData\Local\Programs\Python\Python39\;C:\Users\MagicBook\AppData\Local\Microsoft\WindowsApps;C:\Users\MagicBook\.dotnet\tools;C:\Users\MagicBook\AppData\Local\GitHubDesktop\bin;;C:\Users\MagicBook\AppData\Local\Programs\Microsoft VS Code\bin;C:\Users\MagicBook\AppData\Roaming\npm;C:\Program Files\JetBrains\IntelliJ IDEA Community Edition 2021.3.3\bin;, PATHEXT=.COM;.EXE;.BAT;.CMD;.VBS;.VBE;.JS;.JSE;.WSF;.WSH;.MSC, DriverData=C:\Windows\System32\Drivers\DriverData, OS=Windows_NT, OneDriveConsumer=C:\Users\MagicBook\OneDrive, COMPUTERNAME=LAPTOP-CLGUBJNI, IntelliJ IDEA Community Edition=C:\Program Files\JetBrains\IntelliJ IDEA Community Edition 2021.3.3\bin;, PROCESSOR_REVISION=1801, CommonProgramW6432=C:\Program Files\Common Files, ComSpec=C:\WINDOWS\system32\cmd.exe, ProgramData=C:\ProgramData, ProgramW6432=C:\Program Files, TEMP=C:\Users\MAGICB~1\AppData\Local\Temp, HOMEPATH=\Users\MagicBook, SystemRoot=C:\WINDOWS, PROCESSOR_IDENTIFIER=AMD64 Family 23 Model 24 Stepping 1, AuthenticAMD, HOMEDRIVE=C:, USERPROFILE=C:\Users\MagicBook, TMP=C:\Users\MAGICB~1\AppData\Local\Temp, CommonProgramFiles(x86)=C:\Program Files (x86)\Common Files, ProgramFiles=C:\Program Files, PUBLIC=C:\Users\Public, VS160COMCOMNTOOLS=C:\Program Files (x86)\Microsoft Visual Studio\2019\Community\Common7\Tools\, windir=C:\WINDOWS, NUMBER_OF_PROCESSORS=8, =::=::\, IDEA_INITIAL_DIRECTORY=C:\Program Files\JetBrains\IntelliJ IDEA Community Edition 2021.3.3\jbr\bin}
14:07:14.995 [DEBUG] [org.gradle.launcher.daemon.server.exec.LogToClient] About to start relaying all logs to the client via the connection.
14:07:14.995 [INFO] [org.gradle.launcher.daemon.server.exec.LogToClient] The client will now receive all logging from the daemon (pid: 31572). The daemon log file: C:\Users\MagicBook\Desktop\norules legit recode\daemon\4.9\daemon-31572.out.log
14:07:14.998 [INFO] [org.gradle.launcher.daemon.server.exec.LogAndCheckHealth] Starting build in new daemon [memory: 2,9 GB]
14:07:15.007 [DEBUG] [org.gradle.launcher.daemon.server.exec.ExecuteBuild] The daemon has started executing the build.
14:07:15.007 [DEBUG] [org.gradle.launcher.daemon.server.exec.ExecuteBuild] Executing build with daemon context: DefaultDaemonContext[uid=13aada83-5a3e-43b1-aa75-9b0dbaed0a76,javaHome=C:\Program Files\Java\jdk1.8.0_181,daemonRegistryDir=C:\Users\MagicBook\Desktop\norules legit recode\daemon,pid=31572,idleTimeout=10800000,daemonOpts=-Xmx3G,-Dfile.encoding=UTF-8,-Duser.country=RU,-Duser.language=ru,-Duser.variant]
New Dep: net.minecraftforge:forge:1.12.2-14.23.5.2860_mapped_snapshot_20171003-1.12
Note: Some input files use unchecked or unsafe operations.
Note: Recompile with -Xlint:unchecked for details.

Deprecated Gradle features were used in this build, making it incompatible with Gradle 5.0.
Use '--warning-mode all' to show the individual deprecation warnings.
See https://docs.gradle.org/4.9/userguide/command_line_interface.html#sec:command_line_warnings

BUILD SUCCESSFUL in 21s
2 actionable tasks: 1 executed, 1 up-to-date
14:07:32.676 [DEBUG] [org.gradle.launcher.daemon.server.exec.ExecuteBuild] The daemon has finished executing the build.
14:07:32.690 [DEBUG] [org.gradle.launcher.daemon.server.DaemonStateCoordinator] daemon is running. Sleeping until state changes.
14:07:32.691 [DEBUG] [org.gradle.launcher.daemon.server.DaemonStateCoordinator] Command execution: finished waiting for DaemonCommandExecution[command = Build{id=054842fc-7e03-4ae6-b5b0-55efab41a1e4, currentDir=C:\Users\MagicBook\Desktop\norules legit recode}, connection = DefaultDaemonConnection: socket connection from /127.0.0.1:56438 to /127.0.0.1:56439]. Result org.gradle.launcher.daemon.server.DaemonStateCoordinator@44a8e916 with state Busy
14:07:32.691 [DEBUG] [org.gradle.launcher.daemon.server.DaemonStateCoordinator] Command execution: completed DaemonCommandExecution[command = Build{id=054842fc-7e03-4ae6-b5b0-55efab41a1e4, currentDir=C:\Users\MagicBook\Desktop\norules legit recode}, connection = DefaultDaemonConnection: socket connection from /127.0.0.1:56438 to /127.0.0.1:56439]
14:07:32.692 [DEBUG] [org.gradle.launcher.daemon.server.DaemonStateCoordinator] resetting idle timer
14:07:32.692 [INFO] [org.gradle.launcher.daemon.server.DaemonRegistryUpdater] Marking the daemon as idle, address: [c04c5599-3f8c-4185-ac93-a55ed1aa5181 port:56438, addresses:[/127.0.0.1, /0:0:0:0:0:0:0:1]]
14:07:32.692 [DEBUG] [org.gradle.launcher.daemon.registry.PersistentDaemonRegistry] Marking busy by address: [c04c5599-3f8c-4185-ac93-a55ed1aa5181 port:56438, addresses:[/127.0.0.1, /0:0:0:0:0:0:0:1]]
14:07:32.694 [DEBUG] [org.gradle.cache.internal.DefaultFileLockManager] Waiting to acquire exclusive lock on daemon addresses registry.
14:07:32.695 [DEBUG] [org.gradle.cache.internal.DefaultFileLockManager] Lock acquired on daemon addresses registry.
14:07:32.699 [DEBUG] [org.gradle.cache.internal.DefaultFileLockManager] Releasing lock on daemon addresses registry.
14:07:32.699 [DEBUG] [org.gradle.launcher.daemon.server.DaemonStateCoordinator] daemon is running. Sleeping until state changes.
14:07:32.700 [DEBUG] [org.gradle.launcher.daemon.server.exec.ReturnResult] Daemon is dispatching the build result: Success[value=org.gradle.tooling.internal.provider.BuildActionResult@2251a4ab]
14:07:32.700 [DEBUG] [org.gradle.launcher.daemon.server.SynchronizedDispatchConnection] thread 16: dispatching class org.gradle.launcher.daemon.protocol.Success
14:07:32.703 [DEBUG] [org.gradle.launcher.daemon.server.DefaultIncomingConnectionHandler] Finishing executing command: Build{id=054842fc-7e03-4ae6-b5b0-55efab41a1e4, currentDir=C:\Users\MagicBook\Desktop\norules legit recode}
14:07:32.722 [DEBUG] [org.gradle.launcher.daemon.server.SynchronizedDispatchConnection] thread 17: received class org.gradle.launcher.daemon.protocol.CloseInput
14:07:32.723 [DEBUG] [org.gradle.launcher.daemon.server.DefaultDaemonConnection] thread 17: Received IO message from client: org.gradle.launcher.daemon.protocol.CloseInput@e07b713
14:07:32.723 [DEBUG] [org.gradle.launcher.daemon.server.SynchronizedDispatchConnection] thread 17: received class org.gradle.launcher.daemon.protocol.Finished
14:07:32.724 [DEBUG] [org.gradle.launcher.daemon.server.DefaultDaemonConnection] thread 17: Received non-IO message from client: org.gradle.launcher.daemon.protocol.Finished@342d4b13
14:07:32.724 [DEBUG] [org.gradle.launcher.daemon.server.DefaultIncomingConnectionHandler] Received finished message: org.gradle.launcher.daemon.protocol.Finished@342d4b13
14:07:32.724 [DEBUG] [org.gradle.launcher.daemon.server.SynchronizedDispatchConnection] thread 16: stopping connection
14:07:32.725 [DEBUG] [org.gradle.internal.remote.internal.inet.SocketConnection] Discarding EOFException: java.io.EOFException
14:07:32.725 [DEBUG] [org.gradle.launcher.daemon.server.SynchronizedDispatchConnection] thread 17: received null
14:07:32.725 [DEBUG] [org.gradle.launcher.daemon.server.DefaultDaemonConnection] thread 17: Received end-of-input from client.
14:07:32.726 [DEBUG] [org.gradle.launcher.daemon.server.SynchronizedDispatchConnection] thread 16: stopping connection
14:07:34.844 [DEBUG] [org.gradle.launcher.daemon.server.Daemon] DaemonExpirationPeriodicCheck running
14:07:34.845 [DEBUG] [org.gradle.cache.internal.DefaultFileLockManager] Waiting to acquire shared lock on daemon addresses registry.
14:07:34.846 [DEBUG] [org.gradle.cache.internal.DefaultFileLockManager] Lock acquired on daemon addresses registry.
14:07:34.847 [DEBUG] [org.gradle.cache.internal.DefaultFileLockManager] Releasing lock on daemon addresses registry.
14:07:34.854 [DEBUG] [org.gradle.cache.internal.DefaultFileLockManager] Waiting to acquire shared lock on daemon addresses registry.
14:07:34.855 [DEBUG] [org.gradle.cache.internal.DefaultFileLockManager] Lock acquired on daemon addresses registry.
14:07:34.857 [DEBUG] [org.gradle.cache.internal.DefaultFileLockManager] Releasing lock on daemon addresses registry.
14:07:37.226 [DEBUG] [org.gradle.process.internal.health.memory.MemoryManager] Emitting OS memory status event {Total: 7448702976, Free: 375255040}
14:07:37.226 [DEBUG] [org.gradle.launcher.daemon.server.health.LowMemoryDaemonExpirationStrategy] Received memory status update: {Total: 7448702976, Free: 375255040}
14:07:37.227 [DEBUG] [org.gradle.process.internal.health.memory.MemoryManager] 744870297 memory requested, 375255040 free
14:07:37.227 [DEBUG] [org.gradle.workers.internal.WorkerDaemonExpiration] Will attempt to release 710 of memory
14:07:37.228 [DEBUG] [org.gradle.process.internal.health.memory.MemoryManager] 744870297 memory requested, 0 released, 375255040 free
14:07:37.228 [DEBUG] [org.gradle.process.internal.health.memory.MemoryManager] Emitting JVM memory status event {Maximum: 2863661056, Committed: 258473984}
14:07:40.717 [DEBUG] [org.gradle.internal.remote.internal.inet.TcpIncomingConnector] Accepted connection from /127.0.0.1:56455 to /127.0.0.1:56438.
14:07:40.725 [DEBUG] [org.gradle.launcher.daemon.server.SynchronizedDispatchConnection] thread 56: received class org.gradle.launcher.daemon.protocol.Build
14:07:40.725 [DEBUG] [org.gradle.launcher.daemon.server.DefaultDaemonConnection] thread 56: Received non-IO message from client: Build{id=901705dd-4b95-4c06-9725-da0901cdbad2, currentDir=C:\Users\MagicBook\Desktop\norules legit recode}
14:07:40.725 [INFO] [org.gradle.launcher.daemon.server.DefaultIncomingConnectionHandler] Received command: Build{id=901705dd-4b95-4c06-9725-da0901cdbad2, currentDir=C:\Users\MagicBook\Desktop\norules legit recode}.
14:07:40.725 [DEBUG] [org.gradle.launcher.daemon.server.DefaultIncomingConnectionHandler] Starting executing command: Build{id=901705dd-4b95-4c06-9725-da0901cdbad2, currentDir=C:\Users\MagicBook\Desktop\norules legit recode} with connection: socket connection from /127.0.0.1:56438 to /127.0.0.1:56455.
14:07:40.726 [ERROR] [org.gradle.launcher.daemon.server.DaemonStateCoordinator] Command execution: started DaemonCommandExecution[command = Build{id=901705dd-4b95-4c06-9725-da0901cdbad2, currentDir=C:\Users\MagicBook\Desktop\norules legit recode}, connection = DefaultDaemonConnection: socket connection from /127.0.0.1:56438 to /127.0.0.1:56455] after 0.0 minutes of idle
14:07:40.726 [INFO] [org.gradle.launcher.daemon.server.DaemonRegistryUpdater] Marking the daemon as busy, address: [c04c5599-3f8c-4185-ac93-a55ed1aa5181 port:56438, addresses:[/127.0.0.1, /0:0:0:0:0:0:0:1]]
14:07:40.726 [DEBUG] [org.gradle.launcher.daemon.registry.PersistentDaemonRegistry] Marking busy by address: [c04c5599-3f8c-4185-ac93-a55ed1aa5181 port:56438, addresses:[/127.0.0.1, /0:0:0:0:0:0:0:1]]
14:07:40.727 [DEBUG] [org.gradle.cache.internal.DefaultFileLockManager] Waiting to acquire exclusive lock on daemon addresses registry.
14:07:40.728 [DEBUG] [org.gradle.cache.internal.DefaultFileLockManager] Lock acquired on daemon addresses registry.
14:07:40.732 [DEBUG] [org.gradle.cache.internal.DefaultFileLockManager] Releasing lock on daemon addresses registry.
14:07:40.732 [DEBUG] [org.gradle.launcher.daemon.server.DaemonStateCoordinator] resetting idle timer
14:07:40.732 [DEBUG] [org.gradle.launcher.daemon.server.DaemonStateCoordinator] daemon is running. Sleeping until state changes.
14:07:40.733 [INFO] [org.gradle.launcher.daemon.server.exec.StartBuildOrRespondWithBusy] Daemon is about to start building Build{id=901705dd-4b95-4c06-9725-da0901cdbad2, currentDir=C:\Users\MagicBook\Desktop\norules legit recode}. Dispatching build started information...
14:07:40.733 [DEBUG] [org.gradle.launcher.daemon.server.SynchronizedDispatchConnection] thread 19: dispatching class org.gradle.launcher.daemon.protocol.BuildStarted
14:07:40.734 [DEBUG] [org.gradle.launcher.daemon.server.exec.EstablishBuildEnvironment] Configuring env variables: {USERDOMAIN_ROAMINGPROFILE=LAPTOP-CLGUBJNI, LOCALAPPDATA=C:\Users\MagicBook\AppData\Local, ChocolateyLastPathUpdate=132829017724595486, PROCESSOR_LEVEL=23, USERDOMAIN=LAPTOP-CLGUBJNI, LOGONSERVER=\\LAPTOP-CLGUBJNI, SESSIONNAME=Console, ALLUSERSPROFILE=C:\ProgramData, PROCESSOR_ARCHITECTURE=AMD64, PSModulePath=C:\Program Files\WindowsPowerShell\Modules;C:\WINDOWS\system32\WindowsPowerShell\v1.0\Modules, SystemDrive=C:, OMP_WAIT_POLICY=PASSIVE, OneDrive=C:\Users\MagicBook\OneDrive, APPDATA=C:\Users\MagicBook\AppData\Roaming, VBOX_HWVIRTEX_IGNORE_SVM_IN_USE=1, USERNAME=MagicBook, ChocolateyInstall=C:\ProgramData\chocolatey, ProgramFiles(x86)=C:\Program Files (x86), VBOX_MSI_INSTALL_PATH=C:\Program Files\Oracle\VirtualBox\, CommonProgramFiles=C:\Program Files\Common Files, Path=C:\Program Files\Common Files\Oracle\Java\javapath;C:\Python310\Scripts\;C:\Python310\;C:\Program Files (x86)\Common Files\Oracle\Java\javapath;C:\WINDOWS\system32;C:\WINDOWS;C:\WINDOWS\System32\Wbem;C:\WINDOWS\System32\WindowsPowerShell\v1.0\;C:\WINDOWS\System32\OpenSSH\;C:\Program Files\dotnet\;C:\Program Files (x86)\QuickTime\QTSystem\;C:\Program Files\Calibre2\;C:\Program Files\Git\cmd;C:\Program Files\nodejs\;C:\ProgramData\chocolatey\bin;C:\Program Files\Docker\Docker\resources\bin;C:\ProgramData\DockerDesktop\version-bin;C:\Program Files (x86)\Bitvise SSH Client;C:\Program Files\Java\jdk1.8.0_181\bin;C:\Program Files\Java\jdk-16.0.2\bin;C:\Program Files\Java\jdk-17.0.1\bin;C:\Program Files\MySQL\MySQL Shell 8.0\bin\;C:\Users\MagicBook\AppData\Local\Programs\Python\Python39\Scripts\;C:\Users\MagicBook\AppData\Local\Programs\Python\Python39\;C:\Users\MagicBook\AppData\Local\Microsoft\WindowsApps;C:\Users\MagicBook\.dotnet\tools;C:\Users\MagicBook\AppData\Local\GitHubDesktop\bin;;C:\Users\MagicBook\AppData\Local\Programs\Microsoft VS Code\bin;C:\Users\MagicBook\AppData\Roaming\npm;C:\Program Files\JetBrains\IntelliJ IDEA Community Edition 2021.3.3\bin;, PATHEXT=.COM;.EXE;.BAT;.CMD;.VBS;.VBE;.JS;.JSE;.WSF;.WSH;.MSC, DriverData=C:\Windows\System32\Drivers\DriverData, OS=Windows_NT, OneDriveConsumer=C:\Users\MagicBook\OneDrive, COMPUTERNAME=LAPTOP-CLGUBJNI, IntelliJ IDEA Community Edition=C:\Program Files\JetBrains\IntelliJ IDEA Community Edition 2021.3.3\bin;, PROCESSOR_REVISION=1801, CommonProgramW6432=C:\Program Files\Common Files, ComSpec=C:\WINDOWS\system32\cmd.exe, ProgramData=C:\ProgramData, ProgramW6432=C:\Program Files, TEMP=C:\Users\MAGICB~1\AppData\Local\Temp, HOMEPATH=\Users\MagicBook, SystemRoot=C:\WINDOWS, PROCESSOR_IDENTIFIER=AMD64 Family 23 Model 24 Stepping 1, AuthenticAMD, HOMEDRIVE=C:, USERPROFILE=C:\Users\MagicBook, TMP=C:\Users\MAGICB~1\AppData\Local\Temp, CommonProgramFiles(x86)=C:\Program Files (x86)\Common Files, ProgramFiles=C:\Program Files, PUBLIC=C:\Users\Public, VS160COMCOMNTOOLS=C:\Program Files (x86)\Microsoft Visual Studio\2019\Community\Common7\Tools\, windir=C:\WINDOWS, NUMBER_OF_PROCESSORS=8, =::=::\, IDEA_INITIAL_DIRECTORY=C:\Program Files\JetBrains\IntelliJ IDEA Community Edition 2021.3.3\jbr\bin}
14:07:40.736 [DEBUG] [org.gradle.launcher.daemon.server.exec.LogToClient] About to start relaying all logs to the client via the connection.
14:07:40.736 [INFO] [org.gradle.launcher.daemon.server.exec.LogToClient] The client will now receive all logging from the daemon (pid: 31572). The daemon log file: C:\Users\MagicBook\Desktop\norules legit recode\daemon\4.9\daemon-31572.out.log
14:07:40.737 [INFO] [org.gradle.launcher.daemon.server.exec.LogAndCheckHealth] Starting 2nd build in daemon [uptime: 27.983 secs, performance: 99%, no major garbage collections]
14:07:40.738 [DEBUG] [org.gradle.launcher.daemon.server.exec.ExecuteBuild] The daemon has started executing the build.
14:07:40.738 [DEBUG] [org.gradle.launcher.daemon.server.exec.ExecuteBuild] Executing build with daemon context: DefaultDaemonContext[uid=13aada83-5a3e-43b1-aa75-9b0dbaed0a76,javaHome=C:\Program Files\Java\jdk1.8.0_181,daemonRegistryDir=C:\Users\MagicBook\Desktop\norules legit recode\daemon,pid=31572,idleTimeout=10800000,daemonOpts=-Xmx3G,-Dfile.encoding=UTF-8,-Duser.country=RU,-Duser.language=ru,-Duser.variant]
New Dep: net.minecraftforge:forge:1.12.2-14.23.5.2860_mapped_snapshot_20171003-1.12
Note: Some input files use unchecked or unsafe operations.
Note: Recompile with -Xlint:unchecked for details.

Deprecated Gradle features were used in this build, making it incompatible with Gradle 5.0.
Use '--warning-mode all' to show the individual deprecation warnings.
See https://docs.gradle.org/4.9/userguide/command_line_interface.html#sec:command_line_warnings

BUILD SUCCESSFUL in 9s
2 actionable tasks: 1 executed, 1 up-to-date
14:07:49.899 [DEBUG] [org.gradle.launcher.daemon.server.exec.ExecuteBuild] The daemon has finished executing the build.
14:07:49.913 [DEBUG] [org.gradle.launcher.daemon.server.DaemonStateCoordinator] daemon is running. Sleeping until state changes.
14:07:49.914 [DEBUG] [org.gradle.launcher.daemon.server.DaemonStateCoordinator] Command execution: finished waiting for DaemonCommandExecution[command = Build{id=901705dd-4b95-4c06-9725-da0901cdbad2, currentDir=C:\Users\MagicBook\Desktop\norules legit recode}, connection = DefaultDaemonConnection: socket connection from /127.0.0.1:56438 to /127.0.0.1:56455]. Result org.gradle.launcher.daemon.server.DaemonStateCoordinator@44a8e916 with state Busy
14:07:49.914 [DEBUG] [org.gradle.launcher.daemon.server.DaemonStateCoordinator] Command execution: completed DaemonCommandExecution[command = Build{id=901705dd-4b95-4c06-9725-da0901cdbad2, currentDir=C:\Users\MagicBook\Desktop\norules legit recode}, connection = DefaultDaemonConnection: socket connection from /127.0.0.1:56438 to /127.0.0.1:56455]
14:07:49.914 [DEBUG] [org.gradle.launcher.daemon.server.DaemonStateCoordinator] resetting idle timer
14:07:49.914 [INFO] [org.gradle.launcher.daemon.server.DaemonRegistryUpdater] Marking the daemon as idle, address: [c04c5599-3f8c-4185-ac93-a55ed1aa5181 port:56438, addresses:[/127.0.0.1, /0:0:0:0:0:0:0:1]]
14:07:49.914 [DEBUG] [org.gradle.launcher.daemon.registry.PersistentDaemonRegistry] Marking busy by address: [c04c5599-3f8c-4185-ac93-a55ed1aa5181 port:56438, addresses:[/127.0.0.1, /0:0:0:0:0:0:0:1]]
14:07:49.917 [DEBUG] [org.gradle.cache.internal.DefaultFileLockManager] Waiting to acquire exclusive lock on daemon addresses registry.
14:07:49.918 [DEBUG] [org.gradle.cache.internal.DefaultFileLockManager] Lock acquired on daemon addresses registry.
14:07:49.922 [DEBUG] [org.gradle.cache.internal.DefaultFileLockManager] Releasing lock on daemon addresses registry.
14:07:49.923 [DEBUG] [org.gradle.launcher.daemon.server.DaemonStateCoordinator] daemon is running. Sleeping until state changes.
14:07:49.923 [DEBUG] [org.gradle.launcher.daemon.server.exec.ReturnResult] Daemon is dispatching the build result: Success[value=org.gradle.tooling.internal.provider.BuildActionResult@7c2d1333]
14:07:49.924 [DEBUG] [org.gradle.launcher.daemon.server.SynchronizedDispatchConnection] thread 16: dispatching class org.gradle.launcher.daemon.protocol.Success
14:07:49.924 [DEBUG] [org.gradle.launcher.daemon.server.DefaultIncomingConnectionHandler] Finishing executing command: Build{id=901705dd-4b95-4c06-9725-da0901cdbad2, currentDir=C:\Users\MagicBook\Desktop\norules legit recode}
14:07:49.925 [DEBUG] [org.gradle.launcher.daemon.server.SynchronizedDispatchConnection] thread 56: received class org.gradle.launcher.daemon.protocol.CloseInput
14:07:49.925 [DEBUG] [org.gradle.launcher.daemon.server.DefaultDaemonConnection] thread 56: Received IO message from client: org.gradle.launcher.daemon.protocol.CloseInput@1d915214
14:07:49.926 [DEBUG] [org.gradle.launcher.daemon.server.SynchronizedDispatchConnection] thread 56: received class org.gradle.launcher.daemon.protocol.Finished
14:07:49.926 [DEBUG] [org.gradle.launcher.daemon.server.DefaultDaemonConnection] thread 56: Received non-IO message from client: org.gradle.launcher.daemon.protocol.Finished@1356afd6
14:07:49.926 [DEBUG] [org.gradle.launcher.daemon.server.DefaultIncomingConnectionHandler] Received finished message: org.gradle.launcher.daemon.protocol.Finished@1356afd6
14:07:49.926 [DEBUG] [org.gradle.launcher.daemon.server.SynchronizedDispatchConnection] thread 16: stopping connection
14:07:49.927 [DEBUG] [org.gradle.internal.remote.internal.inet.SocketConnection] Discarding EOFException: java.io.EOFException
14:07:49.927 [DEBUG] [org.gradle.launcher.daemon.server.SynchronizedDispatchConnection] thread 56: received null
14:07:49.928 [DEBUG] [org.gradle.launcher.daemon.server.DefaultDaemonConnection] thread 56: Received end-of-input from client.
14:07:49.929 [DEBUG] [org.gradle.launcher.daemon.server.SynchronizedDispatchConnection] thread 16: stopping connection
14:07:50.161 [DEBUG] [org.gradle.cache.internal.LockOnDemandCrossProcessCacheAccess] Lock on file hash cache (C:\Users\MagicBook\Desktop\norules legit recode\caches\4.9\fileHashes) requested by another process - releasing lock.
14:07:50.161 [DEBUG] [org.gradle.cache.internal.LockOnDemandCrossProcessCacheAccess] Releasing file lock for file hash cache (C:\Users\MagicBook\Desktop\norules legit recode\caches\4.9\fileHashes)
14:07:50.161 [DEBUG] [org.gradle.cache.internal.btree.BTreePersistentIndexedCache] Closing cache fileHashes.bin (C:\Users\MagicBook\Desktop\norules legit recode\caches\4.9\fileHashes\fileHashes.bin)
14:07:50.162 [DEBUG] [org.gradle.cache.internal.btree.BTreePersistentIndexedCache] Closing cache resourceHashesCache.bin (C:\Users\MagicBook\Desktop\norules legit recode\caches\4.9\fileHashes\resourceHashesCache.bin)
14:07:50.162 [DEBUG] [org.gradle.cache.internal.DefaultFileLockManager] Releasing lock on file hash cache (C:\Users\MagicBook\Desktop\norules legit recode\caches\4.9\fileHashes).
14:07:52.228 [DEBUG] [org.gradle.process.internal.health.memory.MemoryManager] Emitting OS memory status event {Total: 7448702976, Free: 348803072}
14:07:52.229 [DEBUG] [org.gradle.launcher.daemon.server.health.LowMemoryDaemonExpirationStrategy] Received memory status update: {Total: 7448702976, Free: 348803072}
14:07:52.230 [DEBUG] [org.gradle.process.internal.health.memory.MemoryManager] 744870297 memory requested, 348803072 free
14:07:52.233 [DEBUG] [org.gradle.workers.internal.WorkerDaemonExpiration] Will attempt to release 710 of memory
14:07:52.235 [DEBUG] [org.gradle.process.internal.health.memory.MemoryManager] 744870297 memory requested, 0 released, 348803072 free
14:07:52.235 [DEBUG] [org.gradle.process.internal.health.memory.MemoryManager] Emitting JVM memory status event {Maximum: 2863661056, Committed: 371720192}
14:07:54.877 [DEBUG] [org.gradle.launcher.daemon.server.Daemon] DaemonExpirationPeriodicCheck running
14:07:54.901 [DEBUG] [org.gradle.cache.internal.DefaultFileLockManager] Waiting to acquire shared lock on daemon addresses registry.
14:07:54.902 [DEBUG] [org.gradle.cache.internal.DefaultFileLockManager] Lock acquired on daemon addresses registry.
14:07:54.908 [DEBUG] [org.gradle.cache.internal.DefaultFileLockManager] Releasing lock on daemon addresses registry.
14:07:54.985 [DEBUG] [org.gradle.cache.internal.DefaultFileLockManager] Waiting to acquire shared lock on daemon addresses registry.
14:07:54.985 [DEBUG] [org.gradle.cache.internal.DefaultFileLockManager] Lock acquired on daemon addresses registry.
14:07:54.990 [DEBUG] [org.gradle.cache.internal.DefaultFileLockManager] Releasing lock on daemon addresses registry.
14:07:57.223 [DEBUG] [org.gradle.process.internal.health.memory.MemoryManager] Emitting OS memory status event {Total: 7448702976, Free: 310870016}
14:07:57.223 [DEBUG] [org.gradle.launcher.daemon.server.health.LowMemoryDaemonExpirationStrategy] Received memory status update: {Total: 7448702976, Free: 310870016}
14:07:57.224 [DEBUG] [org.gradle.process.internal.health.memory.MemoryManager] 744870297 memory requested, 310870016 free
14:07:57.224 [DEBUG] [org.gradle.workers.internal.WorkerDaemonExpiration] Will attempt to release 710 of memory
14:07:57.224 [DEBUG] [org.gradle.process.internal.health.memory.MemoryManager] 744870297 memory requested, 0 released, 310870016 free
14:07:57.224 [DEBUG] [org.gradle.process.internal.health.memory.MemoryManager] Emitting JVM memory status event {Maximum: 2863661056, Committed: 371720192}
14:07:58.933 [DEBUG] [org.gradle.cache.internal.LockOnDemandCrossProcessCacheAccess] Lock on file content cache (C:\Users\MagicBook\Desktop\norules legit recode\caches\4.9\fileContent) requested by another process - releasing lock.
14:07:58.933 [DEBUG] [org.gradle.cache.internal.LockOnDemandCrossProcessCacheAccess] Releasing file lock for file content cache (C:\Users\MagicBook\Desktop\norules legit recode\caches\4.9\fileContent)
14:07:58.933 [DEBUG] [org.gradle.cache.internal.btree.BTreePersistentIndexedCache] Closing cache annotation-processors.bin (C:\Users\MagicBook\Desktop\norules legit recode\caches\4.9\fileContent\annotation-processors.bin)
14:07:58.933 [DEBUG] [org.gradle.cache.internal.DefaultFileLockManager] Releasing lock on file content cache (C:\Users\MagicBook\Desktop\norules legit recode\caches\4.9\fileContent).
14:07:59.120 [DEBUG] [org.gradle.internal.remote.internal.inet.TcpIncomingConnector] Accepted connection from /127.0.0.1:56481 to /127.0.0.1:56438.
14:07:59.133 [DEBUG] [org.gradle.launcher.daemon.server.SynchronizedDispatchConnection] thread 91: received class org.gradle.launcher.daemon.protocol.Build
14:07:59.133 [DEBUG] [org.gradle.launcher.daemon.server.DefaultDaemonConnection] thread 91: Received non-IO message from client: Build{id=b67b71ea-2a54-4ea0-8540-3ef06289b10d, currentDir=C:\Users\MagicBook\Desktop\norules legit recode}
14:07:59.133 [INFO] [org.gradle.launcher.daemon.server.DefaultIncomingConnectionHandler] Received command: Build{id=b67b71ea-2a54-4ea0-8540-3ef06289b10d, currentDir=C:\Users\MagicBook\Desktop\norules legit recode}.
14:07:59.134 [DEBUG] [org.gradle.launcher.daemon.server.DefaultIncomingConnectionHandler] Starting executing command: Build{id=b67b71ea-2a54-4ea0-8540-3ef06289b10d, currentDir=C:\Users\MagicBook\Desktop\norules legit recode} with connection: socket connection from /127.0.0.1:56438 to /127.0.0.1:56481.
14:07:59.134 [ERROR] [org.gradle.launcher.daemon.server.DaemonStateCoordinator] Command execution: started DaemonCommandExecution[command = Build{id=b67b71ea-2a54-4ea0-8540-3ef06289b10d, currentDir=C:\Users\MagicBook\Desktop\norules legit recode}, connection = DefaultDaemonConnection: socket connection from /127.0.0.1:56438 to /127.0.0.1:56481] after 0.0 minutes of idle
14:07:59.135 [INFO] [org.gradle.launcher.daemon.server.DaemonRegistryUpdater] Marking the daemon as busy, address: [c04c5599-3f8c-4185-ac93-a55ed1aa5181 port:56438, addresses:[/127.0.0.1, /0:0:0:0:0:0:0:1]]
14:07:59.135 [DEBUG] [org.gradle.launcher.daemon.registry.PersistentDaemonRegistry] Marking busy by address: [c04c5599-3f8c-4185-ac93-a55ed1aa5181 port:56438, addresses:[/127.0.0.1, /0:0:0:0:0:0:0:1]]
14:07:59.136 [DEBUG] [org.gradle.cache.internal.DefaultFileLockManager] Waiting to acquire exclusive lock on daemon addresses registry.
14:07:59.137 [DEBUG] [org.gradle.cache.internal.DefaultFileLockManager] Lock acquired on daemon addresses registry.
14:07:59.140 [DEBUG] [org.gradle.cache.internal.DefaultFileLockManager] Releasing lock on daemon addresses registry.
14:07:59.141 [DEBUG] [org.gradle.launcher.daemon.server.DaemonStateCoordinator] resetting idle timer
14:07:59.142 [DEBUG] [org.gradle.launcher.daemon.server.DaemonStateCoordinator] daemon is running. Sleeping until state changes.
14:07:59.142 [INFO] [org.gradle.launcher.daemon.server.exec.StartBuildOrRespondWithBusy] Daemon is about to start building Build{id=b67b71ea-2a54-4ea0-8540-3ef06289b10d, currentDir=C:\Users\MagicBook\Desktop\norules legit recode}. Dispatching build started information...
14:07:59.142 [DEBUG] [org.gradle.launcher.daemon.server.SynchronizedDispatchConnection] thread 19: dispatching class org.gradle.launcher.daemon.protocol.BuildStarted
14:07:59.143 [DEBUG] [org.gradle.launcher.daemon.server.exec.EstablishBuildEnvironment] Configuring env variables: {USERDOMAIN_ROAMINGPROFILE=LAPTOP-CLGUBJNI, LOCALAPPDATA=C:\Users\MagicBook\AppData\Local, ChocolateyLastPathUpdate=132829017724595486, PROCESSOR_LEVEL=23, USERDOMAIN=LAPTOP-CLGUBJNI, LOGONSERVER=\\LAPTOP-CLGUBJNI, SESSIONNAME=Console, ALLUSERSPROFILE=C:\ProgramData, PROCESSOR_ARCHITECTURE=AMD64, PSModulePath=C:\Program Files\WindowsPowerShell\Modules;C:\WINDOWS\system32\WindowsPowerShell\v1.0\Modules, SystemDrive=C:, OMP_WAIT_POLICY=PASSIVE, OneDrive=C:\Users\MagicBook\OneDrive, APPDATA=C:\Users\MagicBook\AppData\Roaming, VBOX_HWVIRTEX_IGNORE_SVM_IN_USE=1, USERNAME=MagicBook, ChocolateyInstall=C:\ProgramData\chocolatey, ProgramFiles(x86)=C:\Program Files (x86), VBOX_MSI_INSTALL_PATH=C:\Program Files\Oracle\VirtualBox\, CommonProgramFiles=C:\Program Files\Common Files, Path=C:\Program Files\Common Files\Oracle\Java\javapath;C:\Python310\Scripts\;C:\Python310\;C:\Program Files (x86)\Common Files\Oracle\Java\javapath;C:\WINDOWS\system32;C:\WINDOWS;C:\WINDOWS\System32\Wbem;C:\WINDOWS\System32\WindowsPowerShell\v1.0\;C:\WINDOWS\System32\OpenSSH\;C:\Program Files\dotnet\;C:\Program Files (x86)\QuickTime\QTSystem\;C:\Program Files\Calibre2\;C:\Program Files\Git\cmd;C:\Program Files\nodejs\;C:\ProgramData\chocolatey\bin;C:\Program Files\Docker\Docker\resources\bin;C:\ProgramData\DockerDesktop\version-bin;C:\Program Files (x86)\Bitvise SSH Client;C:\Program Files\Java\jdk1.8.0_181\bin;C:\Program Files\Java\jdk-16.0.2\bin;C:\Program Files\Java\jdk-17.0.1\bin;C:\Program Files\MySQL\MySQL Shell 8.0\bin\;C:\Users\MagicBook\AppData\Local\Programs\Python\Python39\Scripts\;C:\Users\MagicBook\AppData\Local\Programs\Python\Python39\;C:\Users\MagicBook\AppData\Local\Microsoft\WindowsApps;C:\Users\MagicBook\.dotnet\tools;C:\Users\MagicBook\AppData\Local\GitHubDesktop\bin;;C:\Users\MagicBook\AppData\Local\Programs\Microsoft VS Code\bin;C:\Users\MagicBook\AppData\Roaming\npm;C:\Program Files\JetBrains\IntelliJ IDEA Community Edition 2021.3.3\bin;, PATHEXT=.COM;.EXE;.BAT;.CMD;.VBS;.VBE;.JS;.JSE;.WSF;.WSH;.MSC, DriverData=C:\Windows\System32\Drivers\DriverData, OS=Windows_NT, OneDriveConsumer=C:\Users\MagicBook\OneDrive, COMPUTERNAME=LAPTOP-CLGUBJNI, IntelliJ IDEA Community Edition=C:\Program Files\JetBrains\IntelliJ IDEA Community Edition 2021.3.3\bin;, PROCESSOR_REVISION=1801, CommonProgramW6432=C:\Program Files\Common Files, ComSpec=C:\WINDOWS\system32\cmd.exe, ProgramData=C:\ProgramData, ProgramW6432=C:\Program Files, TEMP=C:\Users\MAGICB~1\AppData\Local\Temp, HOMEPATH=\Users\MagicBook, SystemRoot=C:\WINDOWS, PROCESSOR_IDENTIFIER=AMD64 Family 23 Model 24 Stepping 1, AuthenticAMD, HOMEDRIVE=C:, USERPROFILE=C:\Users\MagicBook, TMP=C:\Users\MAGICB~1\AppData\Local\Temp, CommonProgramFiles(x86)=C:\Program Files (x86)\Common Files, ProgramFiles=C:\Program Files, PUBLIC=C:\Users\Public, VS160COMCOMNTOOLS=C:\Program Files (x86)\Microsoft Visual Studio\2019\Community\Common7\Tools\, windir=C:\WINDOWS, NUMBER_OF_PROCESSORS=8, =::=::\, IDEA_INITIAL_DIRECTORY=C:\Program Files\JetBrains\IntelliJ IDEA Community Edition 2021.3.3\jbr\bin}
14:07:59.150 [DEBUG] [org.gradle.launcher.daemon.server.exec.LogToClient] About to start relaying all logs to the client via the connection.
14:07:59.150 [INFO] [org.gradle.launcher.daemon.server.exec.LogToClient] The client will now receive all logging from the daemon (pid: 31572). The daemon log file: C:\Users\MagicBook\Desktop\norules legit recode\daemon\4.9\daemon-31572.out.log
14:07:59.152 [INFO] [org.gradle.launcher.daemon.server.exec.LogAndCheckHealth] Starting 3rd build in daemon [uptime: 46.397 secs, performance: 98%, GC rate: 0,14/s, tenured heap usage: 1% of 2,1 GB]
14:07:59.153 [DEBUG] [org.gradle.launcher.daemon.server.exec.ExecuteBuild] The daemon has started executing the build.
14:07:59.153 [DEBUG] [org.gradle.launcher.daemon.server.exec.ExecuteBuild] Executing build with daemon context: DefaultDaemonContext[uid=13aada83-5a3e-43b1-aa75-9b0dbaed0a76,javaHome=C:\Program Files\Java\jdk1.8.0_181,daemonRegistryDir=C:\Users\MagicBook\Desktop\norules legit recode\daemon,pid=31572,idleTimeout=10800000,daemonOpts=-Xmx3G,-Dfile.encoding=UTF-8,-Duser.country=RU,-Duser.language=ru,-Duser.variant]
New Dep: net.minecraftforge:forge:1.12.2-14.23.5.2860_mapped_snapshot_20171003-1.12
Note: Some input files use unchecked or unsafe operations.
Note: Recompile with -Xlint:unchecked for details.

Deprecated Gradle features were used in this build, making it incompatible with Gradle 5.0.
Use '--warning-mode all' to show the individual deprecation warnings.
See https://docs.gradle.org/4.9/userguide/command_line_interface.html#sec:command_line_warnings

BUILD SUCCESSFUL in 7s
2 actionable tasks: 1 executed, 1 up-to-date
14:08:06.724 [DEBUG] [org.gradle.launcher.daemon.server.exec.ExecuteBuild] The daemon has finished executing the build.
14:08:06.733 [DEBUG] [org.gradle.launcher.daemon.server.DaemonStateCoordinator] daemon is running. Sleeping until state changes.
14:08:06.734 [DEBUG] [org.gradle.launcher.daemon.server.DaemonStateCoordinator] Command execution: finished waiting for DaemonCommandExecution[command = Build{id=b67b71ea-2a54-4ea0-8540-3ef06289b10d, currentDir=C:\Users\MagicBook\Desktop\norules legit recode}, connection = DefaultDaemonConnection: socket connection from /127.0.0.1:56438 to /127.0.0.1:56481]. Result org.gradle.launcher.daemon.server.DaemonStateCoordinator@44a8e916 with state Busy
14:08:06.734 [DEBUG] [org.gradle.launcher.daemon.server.DaemonStateCoordinator] Command execution: completed DaemonCommandExecution[command = Build{id=b67b71ea-2a54-4ea0-8540-3ef06289b10d, currentDir=C:\Users\MagicBook\Desktop\norules legit recode}, connection = DefaultDaemonConnection: socket connection from /127.0.0.1:56438 to /127.0.0.1:56481]
14:08:06.735 [DEBUG] [org.gradle.launcher.daemon.server.DaemonStateCoordinator] resetting idle timer
14:08:06.735 [INFO] [org.gradle.launcher.daemon.server.DaemonRegistryUpdater] Marking the daemon as idle, address: [c04c5599-3f8c-4185-ac93-a55ed1aa5181 port:56438, addresses:[/127.0.0.1, /0:0:0:0:0:0:0:1]]
14:08:06.735 [DEBUG] [org.gradle.launcher.daemon.registry.PersistentDaemonRegistry] Marking busy by address: [c04c5599-3f8c-4185-ac93-a55ed1aa5181 port:56438, addresses:[/127.0.0.1, /0:0:0:0:0:0:0:1]]
14:08:06.737 [DEBUG] [org.gradle.cache.internal.DefaultFileLockManager] Waiting to acquire exclusive lock on daemon addresses registry.
14:08:06.738 [DEBUG] [org.gradle.cache.internal.DefaultFileLockManager] Lock acquired on daemon addresses registry.
14:08:06.742 [DEBUG] [org.gradle.cache.internal.DefaultFileLockManager] Releasing lock on daemon addresses registry.
14:08:06.743 [DEBUG] [org.gradle.launcher.daemon.server.DaemonStateCoordinator] daemon is running. Sleeping until state changes.
14:08:06.743 [DEBUG] [org.gradle.launcher.daemon.server.exec.ReturnResult] Daemon is dispatching the build result: Success[value=org.gradle.tooling.internal.provider.BuildActionResult@69be9f45]
14:08:06.744 [DEBUG] [org.gradle.launcher.daemon.server.SynchronizedDispatchConnection] thread 16: dispatching class org.gradle.launcher.daemon.protocol.Success
14:08:06.746 [DEBUG] [org.gradle.launcher.daemon.server.SynchronizedDispatchConnection] thread 91: received class org.gradle.launcher.daemon.protocol.CloseInput
14:08:06.746 [DEBUG] [org.gradle.launcher.daemon.server.DefaultDaemonConnection] thread 91: Received IO message from client: org.gradle.launcher.daemon.protocol.CloseInput@13e96d06
14:08:06.746 [DEBUG] [org.gradle.launcher.daemon.server.SynchronizedDispatchConnection] thread 91: received class org.gradle.launcher.daemon.protocol.Finished
14:08:06.746 [DEBUG] [org.gradle.launcher.daemon.server.DefaultDaemonConnection] thread 91: Received non-IO message from client: org.gradle.launcher.daemon.protocol.Finished@17d6eba3
14:08:06.747 [DEBUG] [org.gradle.internal.remote.internal.inet.SocketConnection] Discarding EOFException: java.io.EOFException
14:08:06.747 [DEBUG] [org.gradle.launcher.daemon.server.SynchronizedDispatchConnection] thread 91: received null
14:08:06.747 [DEBUG] [org.gradle.launcher.daemon.server.DefaultDaemonConnection] thread 91: Received end-of-input from client.
14:08:06.750 [DEBUG] [org.gradle.launcher.daemon.server.DefaultIncomingConnectionHandler] Finishing executing command: Build{id=b67b71ea-2a54-4ea0-8540-3ef06289b10d, currentDir=C:\Users\MagicBook\Desktop\norules legit recode}
14:08:06.750 [DEBUG] [org.gradle.launcher.daemon.server.DefaultIncomingConnectionHandler] Received finished message: null
14:08:06.751 [DEBUG] [org.gradle.launcher.daemon.server.SynchronizedDispatchConnection] thread 16: stopping connection
14:08:06.754 [DEBUG] [org.gradle.launcher.daemon.server.SynchronizedDispatchConnection] thread 16: stopping connection
14:08:06.995 [DEBUG] [org.gradle.cache.internal.LockOnDemandCrossProcessCacheAccess] Lock on file hash cache (C:\Users\MagicBook\Desktop\norules legit recode\caches\4.9\fileHashes) requested by another process - releasing lock.
14:08:06.996 [DEBUG] [org.gradle.cache.internal.LockOnDemandCrossProcessCacheAccess] Releasing file lock for file hash cache (C:\Users\MagicBook\Desktop\norules legit recode\caches\4.9\fileHashes)
14:08:06.996 [DEBUG] [org.gradle.cache.internal.btree.BTreePersistentIndexedCache] Closing cache fileHashes.bin (C:\Users\MagicBook\Desktop\norules legit recode\caches\4.9\fileHashes\fileHashes.bin)
14:08:06.996 [DEBUG] [org.gradle.cache.internal.btree.BTreePersistentIndexedCache] Closing cache resourceHashesCache.bin (C:\Users\MagicBook\Desktop\norules legit recode\caches\4.9\fileHashes\resourceHashesCache.bin)
14:08:06.996 [DEBUG] [org.gradle.cache.internal.DefaultFileLockManager] Releasing lock on file hash cache (C:\Users\MagicBook\Desktop\norules legit recode\caches\4.9\fileHashes).
14:08:07.110 [DEBUG] [org.gradle.cache.internal.LockOnDemandCrossProcessCacheAccess] Lock on file content cache (C:\Users\MagicBook\Desktop\norules legit recode\caches\4.9\fileContent) requested by another process - releasing lock.
14:08:07.111 [DEBUG] [org.gradle.cache.internal.LockOnDemandCrossProcessCacheAccess] Releasing file lock for file content cache (C:\Users\MagicBook\Desktop\norules legit recode\caches\4.9\fileContent)
14:08:07.111 [DEBUG] [org.gradle.cache.internal.DefaultFileLockManager] Releasing lock on file content cache (C:\Users\MagicBook\Desktop\norules legit recode\caches\4.9\fileContent).
14:08:07.224 [DEBUG] [org.gradle.process.internal.health.memory.MemoryManager] Emitting OS memory status event {Total: 7448702976, Free: 281239552}
14:08:07.224 [DEBUG] [org.gradle.launcher.daemon.server.health.LowMemoryDaemonExpirationStrategy] Received memory status update: {Total: 7448702976, Free: 281239552}
14:08:07.224 [DEBUG] [org.gradle.process.internal.health.memory.MemoryManager] 744870297 memory requested, 281239552 free
14:08:07.224 [DEBUG] [org.gradle.workers.internal.WorkerDaemonExpiration] Will attempt to release 710 of memory
14:08:07.225 [DEBUG] [org.gradle.process.internal.health.memory.MemoryManager] 744870297 memory requested, 0 released, 281239552 free
14:08:07.225 [DEBUG] [org.gradle.process.internal.health.memory.MemoryManager] Emitting JVM memory status event {Maximum: 2863661056, Committed: 429391872}
14:08:12.223 [DEBUG] [org.gradle.process.internal.health.memory.MemoryManager] Emitting OS memory status event {Total: 7448702976, Free: 270872576}
14:08:12.223 [DEBUG] [org.gradle.launcher.daemon.server.health.LowMemoryDaemonExpirationStrategy] Received memory status update: {Total: 7448702976, Free: 270872576}
14:08:12.223 [DEBUG] [org.gradle.process.internal.health.memory.MemoryManager] 744870297 memory requested, 270872576 free
14:08:12.224 [DEBUG] [org.gradle.workers.internal.WorkerDaemonExpiration] Will attempt to release 710 of memory
14:08:12.224 [DEBUG] [org.gradle.process.internal.health.memory.MemoryManager] 744870297 memory requested, 0 released, 270872576 free
14:08:12.224 [DEBUG] [org.gradle.process.internal.health.memory.MemoryManager] Emitting JVM memory status event {Maximum: 2863661056, Committed: 429391872}
14:08:14.855 [DEBUG] [org.gradle.launcher.daemon.server.Daemon] DaemonExpirationPeriodicCheck running
14:08:14.857 [DEBUG] [org.gradle.cache.internal.DefaultFileLockManager] Waiting to acquire shared lock on daemon addresses registry.
14:08:14.857 [DEBUG] [org.gradle.cache.internal.DefaultFileLockManager] Lock acquired on daemon addresses registry.
14:08:14.858 [DEBUG] [org.gradle.cache.internal.DefaultFileLockManager] Releasing lock on daemon addresses registry.
14:08:14.860 [DEBUG] [org.gradle.cache.internal.DefaultFileLockManager] Waiting to acquire shared lock on daemon addresses registry.
14:08:14.861 [DEBUG] [org.gradle.cache.internal.DefaultFileLockManager] Lock acquired on daemon addresses registry.
14:08:14.863 [DEBUG] [org.gradle.cache.internal.DefaultFileLockManager] Releasing lock on daemon addresses registry.
14:08:17.228 [DEBUG] [org.gradle.process.internal.health.memory.MemoryManager] Emitting OS memory status event {Total: 7448702976, Free: 315113472}
14:08:17.228 [DEBUG] [org.gradle.launcher.daemon.server.health.LowMemoryDaemonExpirationStrategy] Received memory status update: {Total: 7448702976, Free: 315113472}
14:08:17.228 [DEBUG] [org.gradle.process.internal.health.memory.MemoryManager] 744870297 memory requested, 315113472 free
14:08:17.228 [DEBUG] [org.gradle.workers.internal.WorkerDaemonExpiration] Will attempt to release 710 of memory
14:08:17.229 [DEBUG] [org.gradle.process.internal.health.memory.MemoryManager] 744870297 memory requested, 0 released, 315113472 free
14:08:17.230 [DEBUG] [org.gradle.process.internal.health.memory.MemoryManager] Emitting JVM memory status event {Maximum: 2863661056, Committed: 429391872}
14:08:22.235 [DEBUG] [org.gradle.process.internal.health.memory.MemoryManager] Emitting OS memory status event {Total: 7448702976, Free: 292831232}
14:08:22.235 [DEBUG] [org.gradle.launcher.daemon.server.health.LowMemoryDaemonExpirationStrategy] Received memory status update: {Total: 7448702976, Free: 292831232}
14:08:22.235 [DEBUG] [org.gradle.process.internal.health.memory.MemoryManager] 744870297 memory requested, 292831232 free
14:08:22.236 [DEBUG] [org.gradle.workers.internal.WorkerDaemonExpiration] Will attempt to release 710 of memory
14:08:22.237 [DEBUG] [org.gradle.process.internal.health.memory.MemoryManager] 744870297 memory requested, 0 released, 292831232 free
14:08:22.239 [DEBUG] [org.gradle.process.internal.health.memory.MemoryManager] Emitting JVM memory status event {Maximum: 2863661056, Committed: 429391872}
14:08:24.846 [DEBUG] [org.gradle.launcher.daemon.server.Daemon] DaemonExpirationPeriodicCheck running
14:08:24.848 [DEBUG] [org.gradle.cache.internal.DefaultFileLockManager] Waiting to acquire shared lock on daemon addresses registry.
14:08:24.849 [DEBUG] [org.gradle.cache.internal.DefaultFileLockManager] Lock acquired on daemon addresses registry.
14:08:24.850 [DEBUG] [org.gradle.cache.internal.DefaultFileLockManager] Releasing lock on daemon addresses registry.
14:08:24.854 [DEBUG] [org.gradle.cache.internal.DefaultFileLockManager] Waiting to acquire shared lock on daemon addresses registry.
14:08:24.854 [DEBUG] [org.gradle.cache.internal.DefaultFileLockManager] Lock acquired on daemon addresses registry.
14:08:24.856 [DEBUG] [org.gradle.cache.internal.DefaultFileLockManager] Releasing lock on daemon addresses registry.
14:08:24.858 [DEBUG] [org.gradle.cache.internal.DefaultFileLockManager] Waiting to acquire shared lock on daemon addresses registry.
14:08:24.858 [DEBUG] [org.gradle.cache.internal.DefaultFileLockManager] Lock acquired on daemon addresses registry.
14:08:24.860 [DEBUG] [org.gradle.cache.internal.DefaultFileLockManager] Releasing lock on daemon addresses registry.
14:08:27.222 [DEBUG] [org.gradle.process.internal.health.memory.MemoryManager] Emitting OS memory status event {Total: 7448702976, Free: 319127552}
14:08:27.222 [DEBUG] [org.gradle.launcher.daemon.server.health.LowMemoryDaemonExpirationStrategy] Received memory status update: {Total: 7448702976, Free: 319127552}
14:08:27.222 [DEBUG] [org.gradle.process.internal.health.memory.MemoryManager] 744870297 memory requested, 319127552 free
14:08:27.222 [DEBUG] [org.gradle.workers.internal.WorkerDaemonExpiration] Will attempt to release 710 of memory
14:08:27.222 [DEBUG] [org.gradle.process.internal.health.memory.MemoryManager] 744870297 memory requested, 0 released, 319127552 free
14:08:27.222 [DEBUG] [org.gradle.process.internal.health.memory.MemoryManager] Emitting JVM memory status event {Maximum: 2863661056, Committed: 429391872}
14:08:32.237 [DEBUG] [org.gradle.process.internal.health.memory.MemoryManager] Emitting OS memory status event {Total: 7448702976, Free: 340574208}
14:08:32.237 [DEBUG] [org.gradle.launcher.daemon.server.health.LowMemoryDaemonExpirationStrategy] Received memory status update: {Total: 7448702976, Free: 340574208}
14:08:32.237 [DEBUG] [org.gradle.process.internal.health.memory.MemoryManager] 744870297 memory requested, 340574208 free
14:08:32.238 [DEBUG] [org.gradle.workers.internal.WorkerDaemonExpiration] Will attempt to release 710 of memory
14:08:32.238 [DEBUG] [org.gradle.process.internal.health.memory.MemoryManager] 744870297 memory requested, 0 released, 340574208 free
14:08:32.238 [DEBUG] [org.gradle.process.internal.health.memory.MemoryManager] Emitting JVM memory status event {Maximum: 2863661056, Committed: 429391872}
14:08:34.854 [DEBUG] [org.gradle.launcher.daemon.server.Daemon] DaemonExpirationPeriodicCheck running
14:08:34.859 [DEBUG] [org.gradle.cache.internal.DefaultFileLockManager] Waiting to acquire shared lock on daemon addresses registry.
14:08:34.860 [DEBUG] [org.gradle.cache.internal.DefaultFileLockManager] Lock acquired on daemon addresses registry.
14:08:34.862 [DEBUG] [org.gradle.cache.internal.DefaultFileLockManager] Releasing lock on daemon addresses registry.
14:08:34.866 [DEBUG] [org.gradle.cache.internal.DefaultFileLockManager] Waiting to acquire shared lock on daemon addresses registry.
14:08:34.867 [DEBUG] [org.gradle.cache.internal.DefaultFileLockManager] Lock acquired on daemon addresses registry.
14:08:34.869 [DEBUG] [org.gradle.cache.internal.DefaultFileLockManager] Releasing lock on daemon addresses registry.
14:08:34.872 [DEBUG] [org.gradle.cache.internal.DefaultFileLockManager] Waiting to acquire shared lock on daemon addresses registry.
14:08:34.873 [DEBUG] [org.gradle.cache.internal.DefaultFileLockManager] Lock acquired on daemon addresses registry.
14:08:34.874 [DEBUG] [org.gradle.cache.internal.DefaultFileLockManager] Releasing lock on daemon addresses registry.
14:08:34.875 [INFO] [org.gradle.launcher.daemon.server.health.LowMemoryDaemonExpirationStrategy] after free system memory (340,6 MB) fell below threshold of 402,7 MB
14:08:34.877 [DEBUG] [org.gradle.cache.internal.DefaultFileLockManager] Waiting to acquire shared lock on daemon addresses registry.
14:08:34.878 [DEBUG] [org.gradle.cache.internal.DefaultFileLockManager] Lock acquired on daemon addresses registry.
14:08:34.879 [DEBUG] [org.gradle.cache.internal.DefaultFileLockManager] Releasing lock on daemon addresses registry.
14:08:34.879 [DEBUG] [org.gradle.launcher.daemon.server.DaemonRegistryUpdater] Storing daemon stop event: other compatible daemons were started and after being idle for 0 minutes and not recently used and after being idle for 0 minutes and not recently used and to reclaim system memory
14:08:34.879 [DEBUG] [org.gradle.launcher.daemon.registry.PersistentDaemonRegistry] Storing daemon stop event with timestamp 1659006514880
14:08:34.881 [DEBUG] [org.gradle.cache.internal.DefaultFileLockManager] Waiting to acquire exclusive lock on daemon addresses registry.
14:08:34.882 [DEBUG] [org.gradle.cache.internal.DefaultFileLockManager] Lock acquired on daemon addresses registry.
14:08:34.885 [DEBUG] [org.gradle.cache.internal.DefaultFileLockManager] Releasing lock on daemon addresses registry.
14:08:34.887 [LIFECYCLE] [org.gradle.launcher.daemon.server.DaemonStateCoordinator] Daemon will be stopped at the end of the build other compatible daemons were started and after being idle for 0 minutes and not recently used and after being idle for 0 minutes and not recently used and to reclaim system memory
14:08:34.887 [DEBUG] [org.gradle.launcher.daemon.server.DaemonStateCoordinator] Marking daemon stopped due to other compatible daemons were started and after being idle for 0 minutes and not recently used and after being idle for 0 minutes and not recently used and to reclaim system memory. The daemon is running a build: false
14:08:34.887 [DEBUG] [org.gradle.launcher.daemon.server.DaemonStateCoordinator] daemon has stopped.
14:08:34.887 [DEBUG] [org.gradle.launcher.daemon.server.Daemon] stop() called on daemon
14:08:34.888 [INFO] [org.gradle.launcher.daemon.server.Daemon] Stop requested. Daemon is removing its presence from the registry...
14:08:34.888 [DEBUG] [org.gradle.launcher.daemon.server.DaemonRegistryUpdater] Removing our presence to clients, eg. removing this address from the registry: [c04c5599-3f8c-4185-ac93-a55ed1aa5181 port:56438, addresses:[/127.0.0.1, /0:0:0:0:0:0:0:1]]
14:08:34.889 [DEBUG] [org.gradle.launcher.daemon.registry.PersistentDaemonRegistry] Removing daemon address: [c04c5599-3f8c-4185-ac93-a55ed1aa5181 port:56438, addresses:[/127.0.0.1, /0:0:0:0:0:0:0:1]]
14:08:34.891 [DEBUG] [org.gradle.cache.internal.DefaultFileLockManager] Waiting to acquire exclusive lock on daemon addresses registry.
14:08:34.892 [DEBUG] [org.gradle.cache.internal.DefaultFileLockManager] Lock acquired on daemon addresses registry.
14:08:34.896 [DEBUG] [org.gradle.cache.internal.DefaultFileLockManager] Releasing lock on daemon addresses registry.
14:08:34.897 [DEBUG] [org.gradle.launcher.daemon.server.DaemonRegistryUpdater] Address removed from registry.
14:08:34.909 [DEBUG] [org.gradle.cache.internal.DefaultCacheAccess] Cache file content cache (C:\Users\MagicBook\Desktop\norules legit recode\caches\4.9\fileContent) was closed 2 times.
14:08:34.910 [DEBUG] [org.gradle.cache.internal.DefaultCacheAccess] Cache jars (C:\Users\MagicBook\Desktop\norules legit recode\caches\jars-3) was closed 0 times.
14:08:34.910 [DEBUG] [org.gradle.cache.internal.DefaultCacheAccess] Cache file hash cache (C:\Users\MagicBook\Desktop\norules legit recode\caches\4.9\fileHashes) was closed 2 times.
14:08:34.911 [DEBUG] [org.gradle.cache.internal.DefaultCacheAccess] Cache Generated Gradle JARs cache (C:\Users\MagicBook\Desktop\norules legit recode\caches\4.9\generated-gradle-jars) was closed 0 times.
Daemon vm is shutting down... The daemon has exited normally or was terminated in response to a user interrupt.
14:08:34.913 [DEBUG] [org.gradle.launcher.daemon.registry.PersistentDaemonRegistry] Removing daemon address: [c04c5599-3f8c-4185-ac93-a55ed1aa5181 port:56438, addresses:[/127.0.0.1, /0:0:0:0:0:0:0:1]]
14:08:34.915 [DEBUG] [org.gradle.cache.internal.DefaultFileLockManager] Waiting to acquire exclusive lock on daemon addresses registry.
14:08:34.916 [DEBUG] [org.gradle.cache.internal.DefaultFileLockManager] Lock acquired on daemon addresses registry.
14:08:34.920 [DEBUG] [org.gradle.cache.internal.DefaultFileLockManager] Releasing lock on daemon addresses registry.
